INFO:root:2024-09-18 09:02:17.238102: Added contact: mohit u, Phone: (873)288-1087, Email: **, Address: 
INFO:root:2024-09-18 09:27:57.883743: Added contact: Index User Id, Phone: First Name, Email: Last Name, Address: Sex
INFO:root:2024-09-18 09:27:57.883743: Added contact: 1 88F7B33d2bcf9f5, Phone: Shelby, Email: Terrell, Address: Male
INFO:root:2024-09-18 09:27:57.883743: Added contact: 2 f90cD3E76f1A9b9, Phone: Phillip, Email: Summers, Address: Female
INFO:root:2024-09-18 09:27:57.883743: Added contact: 3 DbeAb8CcdfeFC2c, Phone: Kristine, Email: Travis, Address: Male
INFO:root:2024-09-18 09:27:57.883743: Added contact: 4 A31Bee3c201ef58, Phone: Yesenia, Email: Martinez, Address: Male
INFO:root:2024-09-18 09:27:57.883743: Added contact: 5 1bA7A3dc874da3c, Phone: Lori, Email: Todd, Address: Male
INFO:root:2024-09-18 09:27:57.899561: Added contact: 6 bfDD7CDEF5D865B, Phone: Erin, Email: Day, Address: Male
INFO:root:2024-09-18 09:27:57.899561: Added contact: 7 bE9EEf34cB72AF7, Phone: Katherine, Email: Buck, Address: Female
INFO:root:2024-09-18 09:27:57.899561: Added contact: 8 2EFC6A4e77FaEaC, Phone: Ricardo, Email: Hinton, Address: Male
INFO:root:2024-09-18 09:27:57.899561: Added contact: 9 baDcC4DeefD8dEB, Phone: Dave, Email: Farrell, Address: Male
INFO:root:2024-09-18 09:27:57.899561: Added contact: 10 8e4FB470FE19bF0, Phone: Isaiah, Email: Downs, Address: Male
INFO:root:2024-09-18 09:27:57.899561: Added contact: 11 BF0BbA03C29Bb3b, Phone: Sheila, Email: Ross, Address: Female
INFO:root:2024-09-18 09:27:57.899561: Added contact: 12 F738c69fB34E62E, Phone: Stacy, Email: Newton, Address: Male
INFO:root:2024-09-18 09:27:57.899561: Added contact: 13 C03fDADdAadAdCe, Phone: Mandy, Email: Blake, Address: Male
INFO:root:2024-09-18 09:27:57.899561: Added contact: 14 b759b74BD1dE80d, Phone: Bridget, Email: Nash, Address: Female
INFO:root:2024-09-18 09:27:57.899561: Added contact: 15 1F0B7D65A00DAF9, Phone: Crystal, Email: Farmer, Address: Male
INFO:root:2024-09-18 09:27:57.899561: Added contact: 16 50Bb061cB30B461, Phone: Thomas, Email: Knight, Address: Female
INFO:root:2024-09-18 09:27:57.899561: Added contact: 17 D6dbA5308fEC4BC, Phone: Maurice, Email: Rangel, Address: Male
INFO:root:2024-09-18 09:27:57.899561: Added contact: 18 311D775990f066d, Phone: Frank, Email: Meadows, Address: Male
INFO:root:2024-09-18 09:27:57.899561: Added contact: 19 7F7E1BAcb0C9AFf, Phone: Alvin, Email: Paul, Address: Male
INFO:root:2024-09-18 09:27:57.899561: Added contact: 20 88473e15D5c3cD0, Phone: Jared, Email: Mitchell, Address: Female
INFO:root:2024-09-18 09:27:57.899561: Added contact: 21 b31D271F8c200AB, Phone: Jacqueline, Email: Norton, Address: Female
INFO:root:2024-09-18 09:27:57.899561: Added contact: 22 42F4BdA841aBadC, Phone: Colleen, Email: Hatfield, Address: Female
INFO:root:2024-09-18 09:27:57.899561: Added contact: 23 cBbBcA0FCA3C4Bc, Phone: Randy, Email: Barnes, Address: Male
INFO:root:2024-09-18 09:27:57.899561: Added contact: 24 f1f89173353aD90, Phone: Janice, Email: Rhodes, Address: Female
INFO:root:2024-09-18 09:27:57.899561: Added contact: 25 c5B09fb33e8bA0A, Phone: Alfred, Email: Mcneil, Address: Female
INFO:root:2024-09-18 09:27:57.899561: Added contact: 26 c9F2282C40BEC1E, Phone: Sean, Email: Levine, Address: Male
INFO:root:2024-09-18 09:27:57.899561: Added contact: 27 9c1bc7EC53Fb7cE, Phone: Louis, Email: Payne, Address: Male
INFO:root:2024-09-18 09:27:57.899561: Added contact: 28 ddEc50e2A2e3a2B, Phone: Brittney, Email: Vega, Address: Female
INFO:root:2024-09-18 09:27:57.899561: Added contact: 29 66F096D36Ebae11, Phone: Judy, Email: Buckley, Address: Male
INFO:root:2024-09-18 09:27:57.899561: Added contact: 30 F0fE2faAd78F8b5, Phone: Norman, Email: Weber, Address: Male
INFO:root:2024-09-18 09:27:57.899561: Added contact: 31 5d2feAfbdCAA6B5, Phone: Isaiah, Email: Camacho, Address: Female
INFO:root:2024-09-18 09:27:57.899561: Added contact: 32 cDa5F303fCd6dEa, Phone: Jacqueline, Email: Gallagher, Address: Male
INFO:root:2024-09-18 09:27:57.899561: Added contact: 33 8Ef7DBfcaB02b6B, Phone: Bonnie, Email: Andrews, Address: Female
INFO:root:2024-09-18 09:27:57.899561: Added contact: 34 6Dec5b5542F8ed8, Phone: Brandon, Email: Schmidt, Address: Female
INFO:root:2024-09-18 09:27:57.899561: Added contact: 35 3Fb8a7f68e12784, Phone: Jackson, Email: Sparks, Address: Female
INFO:root:2024-09-18 09:27:57.899561: Added contact: 36 035eff50B9A0F24, Phone: Melody, Email: Cook, Address: Male
INFO:root:2024-09-18 09:27:57.899561: Added contact: 37 aa614aAE4B7Cf0C, Phone: Leonard, Email: Hurst, Address: Male
INFO:root:2024-09-18 09:27:57.899561: Added contact: 38 ACcde95AAe3e6cC, Phone: Gene, Email: Rich, Address: Female
INFO:root:2024-09-18 09:27:57.899561: Added contact: 39 b6a35de5CB6fc25, Phone: Cynthia, Email: Wiggins, Address: Female
INFO:root:2024-09-18 09:27:57.899561: Added contact: 40 e92A191E345fA3A, Phone: Tanya, Email: Mckinney, Address: Female
INFO:root:2024-09-18 09:27:57.899561: Added contact: 41 7D0AcBF6CCac3fd, Phone: Matthew, Email: Stone, Address: Female
INFO:root:2024-09-18 09:27:57.899561: Added contact: 42 CEFA7BBCef013AE, Phone: Kirk, Email: Walsh, Address: Female
INFO:root:2024-09-18 09:27:57.899561: Added contact: 43 9edBC94aE7cA22a, Phone: Willie, Email: Vang, Address: Female
INFO:root:2024-09-18 09:27:57.899561: Added contact: 44 fFe7BAA737aDbe2, Phone: Miguel, Email: Hill, Address: Female
INFO:root:2024-09-18 09:27:57.899561: Added contact: 45 5F2f3fAca8B0946, Phone: Darren, Email: Andrews, Address: Male
INFO:root:2024-09-18 09:27:57.899561: Added contact: 46 6bFcfc3cc1BC6B4, Phone: Haley, Email: Pugh, Address: Female
INFO:root:2024-09-18 09:27:57.899561: Added contact: 47 f3BD2cBF7eEb6df, Phone: Danielle, Email: Estrada, Address: Female
INFO:root:2024-09-18 09:27:57.899561: Added contact: 48 Ee4eB129dC7913A, Phone: Becky, Email: Brady, Address: Male
INFO:root:2024-09-18 09:27:57.899561: Added contact: 49 dBCEf340C3657Eb, Phone: Caitlyn, Email: Frey, Address: Male
INFO:root:2024-09-18 09:27:57.899561: Added contact: 50 E47FB71DD9ACCd9, Phone: Joshua, Email: Sweeney, Address: Male
INFO:root:2024-09-18 09:27:57.899561: Added contact: 51 eA3fDd79BE9f0E7, Phone: Heidi, Email: Escobar, Address: Female
INFO:root:2024-09-18 09:27:57.899561: Added contact: 52 aF0eE4547Bc025c, Phone: Brian, Email: Oconnell, Address: Female
INFO:root:2024-09-18 09:27:57.899561: Added contact: 53 9F5DeD7aD228F5a, Phone: Beverly, Email: Esparza, Address: Female
INFO:root:2024-09-18 09:27:57.899561: Added contact: 54 D3Fa0220dDE4d36, Phone: Nathaniel, Email: Rivas, Address: Female
INFO:root:2024-09-18 09:27:57.899561: Added contact: 55 60FdBFd5e7BE8fF, Phone: Debra, Email: Payne, Address: Female
INFO:root:2024-09-18 09:27:57.899561: Added contact: 56 D8bF5Ab2b98caff, Phone: Mackenzie, Email: Rocha, Address: Female
INFO:root:2024-09-18 09:27:57.899561: Added contact: 57 CD8d33aA25bc8BB, Phone: Courtney, Email: Watkins, Address: Female
INFO:root:2024-09-18 09:27:57.899561: Added contact: 58 Fac3BfFf0A3d03c, Phone: Fred, Email: Olsen, Address: Female
INFO:root:2024-09-18 09:27:57.899561: Added contact: 59 e552D7ddafe1FFb, Phone: Ryan, Email: Nelson, Address: Female
INFO:root:2024-09-18 09:27:57.899561: Added contact: 60 0f8deedb629A5f6, Phone: Grace, Email: Phelps, Address: Male
INFO:root:2024-09-18 09:27:57.899561: Added contact: 61 bB9e49E506F65ed, Phone: Shari, Email: Daugherty, Address: Male
INFO:root:2024-09-18 09:27:57.899561: Added contact: 62 Ed724605A403D91, Phone: Kelli, Email: Garner, Address: Male
INFO:root:2024-09-18 09:27:57.899561: Added contact: 63 0aBE5ACb18E0c10, Phone: Jackie, Email: Bennett, Address: Male
INFO:root:2024-09-18 09:27:57.899561: Added contact: 64 5D2cb63CaAF53f6, Phone: Leslie, Email: Conway, Address: Female
INFO:root:2024-09-18 09:27:57.899561: Added contact: 65 Ee6974f90eeCe18, Phone: Harold, Email: Barnett, Address: Female
INFO:root:2024-09-18 09:27:57.899561: Added contact: 66 cEf02C076afa07f, Phone: Larry, Email: Harper, Address: Male
INFO:root:2024-09-18 09:27:57.899561: Added contact: 67 9Df5Ba591bF3EFf, Phone: Mike, Email: Ward, Address: Female
INFO:root:2024-09-18 09:27:57.899561: Added contact: 68 3faB1CBfEFBDdD4, Phone: Brittney, Email: Rubio, Address: Female
INFO:root:2024-09-18 09:27:57.899561: Added contact: 69 Ebcefdf75eCb0a9, Phone: Frank, Email: Pineda, Address: Male
INFO:root:2024-09-18 09:27:57.899561: Added contact: 70 e75e5DBfcb68887, Phone: Sandra, Email: Wu, Address: Male
INFO:root:2024-09-18 09:27:57.899561: Added contact: 71 6a53a8D41dDF6de, Phone: Ryan, Email: Benton, Address: Male
INFO:root:2024-09-18 09:27:57.899561: Added contact: 72 F0d3bD1aaf9E3Bc, Phone: Tamara, Email: Hull, Address: Male
INFO:root:2024-09-18 09:27:57.899561: Added contact: 73 5bC87340799FBD0, Phone: Jean, Email: Ritter, Address: Female
INFO:root:2024-09-18 09:27:57.899561: Added contact: 74 dBfA17Aaf16b4ab, Phone: Veronica, Email: Briggs, Address: Female
INFO:root:2024-09-18 09:27:57.899561: Added contact: 75 c935b7Eb6FA0B0F, Phone: Kim, Email: Andrews, Address: Female
INFO:root:2024-09-18 09:27:57.899561: Added contact: 76 b3e15e65Ca2CcBf, Phone: Tina, Email: Cunningham, Address: Male
INFO:root:2024-09-18 09:27:57.899561: Added contact: 77 dade3452F0c32FD, Phone: Jonathon, Email: Atkinson, Address: Male
INFO:root:2024-09-18 09:27:57.899561: Added contact: 78 AdEd6cfD85DeC46, Phone: Jermaine, Email: Reid, Address: Female
INFO:root:2024-09-18 09:27:57.899561: Added contact: 79 DAf111987098ae4, Phone: Regina, Email: Stevens, Address: Male
INFO:root:2024-09-18 09:27:57.899561: Added contact: 80 6e6a5b885F6496d, Phone: Terrence, Email: Huff, Address: Male
INFO:root:2024-09-18 09:27:57.899561: Added contact: 81 12DCb4ED8E01D5C, Phone: Tyler, Email: Foley, Address: Female
INFO:root:2024-09-18 09:27:57.899561: Added contact: 82 E1cB5cA8CA7CC0a, Phone: Andrew, Email: Waters, Address: Male
INFO:root:2024-09-18 09:27:57.899561: Added contact: 83 AedDfaE8Cf49F07, Phone: Reginald, Email: Stephenson, Address: Male
INFO:root:2024-09-18 09:27:57.899561: Added contact: 84 bff9853aFAeF772, Phone: Douglas, Email: Reese, Address: Female
INFO:root:2024-09-18 09:27:57.899561: Added contact: 85 E883773cA5219Be, Phone: Helen, Email: Williamson, Address: Female
INFO:root:2024-09-18 09:27:57.899561: Added contact: 86 CB19EafEbBfF9eC, Phone: Mario, Email: Vaughn, Address: Male
INFO:root:2024-09-18 09:27:57.899561: Added contact: 87 5834700fbEd2771, Phone: Chelsea, Email: Dickson, Address: Male
INFO:root:2024-09-18 09:27:57.899561: Added contact: 88 2b0Ab1Dc9E01D7E, Phone: Dustin, Email: Bailey, Address: Male
INFO:root:2024-09-18 09:27:57.899561: Added contact: 89 3f3a3D89ad042Dd, Phone: Harry, Email: Medina, Address: Female
INFO:root:2024-09-18 09:27:57.899561: Added contact: 90 9425E2F38C408ef, Phone: Kathy, Email: Haney, Address: Female
INFO:root:2024-09-18 09:27:57.899561: Added contact: 91 F0aeC9c2759F3C6, Phone: Alison, Email: Nixon, Address: Female
INFO:root:2024-09-18 09:27:57.899561: Added contact: 92 d6EA619A7C4aA95, Phone: Jamie, Email: Hardy, Address: Female
INFO:root:2024-09-18 09:27:57.899561: Added contact: 93 2A33E7Cad1bb0F5, Phone: Melody, Email: Cox, Address: Female
INFO:root:2024-09-18 09:27:57.899561: Added contact: 94 d181FFB7d3E68bb, Phone: Xavier, Email: Cole, Address: Male
INFO:root:2024-09-18 09:27:57.899561: Added contact: 95 feaBf8dAE0C0d6F, Phone: Dillon, Email: Guzman, Address: Female
INFO:root:2024-09-18 09:27:57.899561: Added contact: 96 5eFda7caAeB260E, Phone: Dennis, Email: Barnes, Address: Female
INFO:root:2024-09-18 09:27:57.899561: Added contact: 97 CCbFce93d3720bE, Phone: Steve, Email: Patterson, Address: Female
INFO:root:2024-09-18 09:27:57.899561: Added contact: 98 2fEc528aFAF0b69, Phone: Wesley, Email: Bray, Address: Male
INFO:root:2024-09-18 09:27:57.899561: Added contact: 99 Adc7ad9B6e4A1Fe, Phone: Summer, Email: Oconnell, Address: Female
INFO:root:2024-09-18 09:27:57.899561: Added contact: 100 b8D0aD3490FC7e1, Phone: Mariah, Email: Bernard, Address: Male
INFO:root:2024-09-18 09:29:43.676790: Added contact: xavier ss, Phone: 873 288-1087, Email: **, Address: **
INFO:root:2024-09-18 09:34:23.784076: Added contact: Index First Name, Phone: Last Name, Email: Email, Address: 
INFO:root:2024-09-18 09:34:23.796375: Added contact: 1 Shelby, Phone: Terrell, Email: elijah57@example.net, Address: 
INFO:root:2024-09-18 09:34:23.796375: Added contact: 2 Phillip, Phone: Summers, Email: bethany14@example.com, Address: 
INFO:root:2024-09-18 09:34:23.796375: Added contact: 3 Kristine, Phone: Travis, Email: bthompson@example.com, Address: 
INFO:root:2024-09-18 09:34:23.796375: Added contact: 4 Yesenia, Phone: Martinez, Email: kaitlinkaiser@example.com, Address: 
INFO:root:2024-09-18 09:34:23.796375: Added contact: 5 Lori, Phone: Todd, Email: buchananmanuel@example.net, Address: 
INFO:root:2024-09-18 09:34:23.796375: Added contact: 6 Erin, Phone: Day, Email: tconner@example.org, Address: 
INFO:root:2024-09-18 09:34:23.796375: Added contact: 7 Katherine, Phone: Buck, Email: conniecowan@example.com, Address: 
INFO:root:2024-09-18 09:34:23.796375: Added contact: 8 Ricardo, Phone: Hinton, Email: wyattbishop@example.com, Address: 
INFO:root:2024-09-18 09:34:23.796375: Added contact: 9 Dave, Phone: Farrell, Email: nmccann@example.net, Address: 
INFO:root:2024-09-18 09:34:23.796375: Added contact: 10 Isaiah, Phone: Downs, Email: virginiaterrell@example.org, Address: 
INFO:root:2024-09-18 09:34:23.796375: Added contact: 11 Sheila, Phone: Ross, Email: huangcathy@example.com, Address: 
INFO:root:2024-09-18 09:34:23.796375: Added contact: 12 Stacy, Phone: Newton, Email: rayleroy@example.org, Address: 
INFO:root:2024-09-18 09:34:23.796375: Added contact: 13 Mandy, Phone: Blake, Email: jefferynoble@example.org, Address: 
INFO:root:2024-09-18 09:34:23.796375: Added contact: 14 Bridget, Phone: Nash, Email: mercedes44@example.com, Address: 
INFO:root:2024-09-18 09:34:23.796375: Added contact: 15 Crystal, Phone: Farmer, Email: pmiranda@example.org, Address: 
INFO:root:2024-09-18 09:34:23.796375: Added contact: 16 Thomas, Phone: Knight, Email: braunpriscilla@example.net, Address: 
INFO:root:2024-09-18 09:34:23.796375: Added contact: 17 Maurice, Phone: Rangel, Email: sheenabanks@example.com, Address: 
INFO:root:2024-09-18 09:34:23.796375: Added contact: 18 Frank, Phone: Meadows, Email: gbrewer@example.org, Address: 
INFO:root:2024-09-18 09:34:23.796375: Added contact: 19 Alvin, Phone: Paul, Email: gilbertdonaldson@example.com, Address: 
INFO:root:2024-09-18 09:34:23.796375: Added contact: 20 Jared, Phone: Mitchell, Email: jcortez@example.com, Address: 
INFO:root:2024-09-18 09:34:23.796375: Added contact: 21 Jacqueline, Phone: Norton, Email: carias@example.net, Address: 
INFO:root:2024-09-18 09:34:23.796375: Added contact: 22 Colleen, Phone: Hatfield, Email: fknox@example.org, Address: 
INFO:root:2024-09-18 09:34:23.796375: Added contact: 23 Randy, Phone: Barnes, Email: huangbill@example.org, Address: 
INFO:root:2024-09-18 09:34:23.796375: Added contact: 24 Janice, Phone: Rhodes, Email: juarezdominique@example.net, Address: 
INFO:root:2024-09-18 09:34:23.796375: Added contact: 25 Alfred, Phone: Mcneil, Email: cassandramorris@example.com, Address: 
INFO:root:2024-09-18 09:34:23.796375: Added contact: 26 Sean, Phone: Levine, Email: sallymiller@example.net, Address: 
INFO:root:2024-09-18 09:34:23.796375: Added contact: 27 Louis, Phone: Payne, Email: bsullivan@example.net, Address: 
INFO:root:2024-09-18 09:34:23.796375: Added contact: 28 Brittney, Phone: Vega, Email: ayalajose@example.net, Address: 
INFO:root:2024-09-18 09:34:23.796375: Added contact: 29 Judy, Phone: Buckley, Email: irosales@example.net, Address: 
INFO:root:2024-09-18 09:34:23.797740: Added contact: 30 Norman, Phone: Weber, Email: mconrad@example.com, Address: 
INFO:root:2024-09-18 09:34:23.797740: Added contact: 31 Isaiah, Phone: Camacho, Email: jimblake@example.org, Address: 
INFO:root:2024-09-18 09:34:23.797740: Added contact: 32 Jacqueline, Phone: Gallagher, Email: nsampson@example.net, Address: 
INFO:root:2024-09-18 09:34:23.797740: Added contact: 33 Bonnie, Phone: Andrews, Email: caitlin24@example.net, Address: 
INFO:root:2024-09-18 09:34:23.797740: Added contact: 34 Brandon, Phone: Schmidt, Email: mconley@example.net, Address: 
INFO:root:2024-09-18 09:34:23.797740: Added contact: 35 Jackson, Phone: Sparks, Email: reynoldsdarryl@example.net, Address: 
INFO:root:2024-09-18 09:34:23.797740: Added contact: 36 Melody, Phone: Cook, Email: jeannovak@example.org, Address: 
INFO:root:2024-09-18 09:34:23.797740: Added contact: 37 Leonard, Phone: Hurst, Email: clinton78@example.org, Address: 
INFO:root:2024-09-18 09:34:23.797740: Added contact: 38 Gene, Phone: Rich, Email: luisdeleon@example.org, Address: 
INFO:root:2024-09-18 09:34:23.797740: Added contact: 39 Cynthia, Phone: Wiggins, Email: rosariodave@example.org, Address: 
INFO:root:2024-09-18 09:34:23.797740: Added contact: 40 Tanya, Phone: Mckinney, Email: vickihouston@example.com, Address: 
INFO:root:2024-09-18 09:34:23.797740: Added contact: 41 Matthew, Phone: Stone, Email: evelyn31@example.org, Address: 
INFO:root:2024-09-18 09:34:23.797740: Added contact: 42 Kirk, Phone: Walsh, Email: stephenfuller@example.org, Address: 
INFO:root:2024-09-18 09:34:23.797740: Added contact: 43 Willie, Phone: Vang, Email: haleymathews@example.net, Address: 
INFO:root:2024-09-18 09:34:23.797740: Added contact: 44 Miguel, Phone: Hill, Email: tyrone56@example.org, Address: 
INFO:root:2024-09-18 09:34:23.797740: Added contact: 45 Darren, Phone: Andrews, Email: lhernandez@example.com, Address: 
INFO:root:2024-09-18 09:34:23.797740: Added contact: 46 Haley, Phone: Pugh, Email: molly03@example.org, Address: 
INFO:root:2024-09-18 09:34:23.797740: Added contact: 47 Danielle, Phone: Estrada, Email: jvang@example.org, Address: 
INFO:root:2024-09-18 09:34:23.797740: Added contact: 48 Becky, Phone: Brady, Email: erikmueller@example.org, Address: 
INFO:root:2024-09-18 09:34:23.797740: Added contact: 49 Caitlyn, Phone: Frey, Email: rivasdominique@example.org, Address: 
INFO:root:2024-09-18 09:34:23.797740: Added contact: 50 Joshua, Phone: Sweeney, Email: daisymcgee@example.net, Address: 
INFO:root:2024-09-18 09:34:23.797740: Added contact: 51 Heidi, Phone: Escobar, Email: staffordtravis@example.net, Address: 
INFO:root:2024-09-18 09:34:23.797740: Added contact: 52 Brian, Phone: Oconnell, Email: saralong@example.net, Address: 
INFO:root:2024-09-18 09:34:23.797740: Added contact: 53 Beverly, Phone: Esparza, Email: iphelps@example.net, Address: 
INFO:root:2024-09-18 09:34:23.797740: Added contact: 54 Nathaniel, Phone: Rivas, Email: roberto29@example.com, Address: 
INFO:root:2024-09-18 09:34:23.798784: Added contact: 55 Debra, Phone: Payne, Email: yolanda07@example.org, Address: 
INFO:root:2024-09-18 09:34:23.798784: Added contact: 56 Mackenzie, Phone: Rocha, Email: abbottyvette@example.net, Address: 
INFO:root:2024-09-18 09:34:23.798784: Added contact: 57 Courtney, Phone: Watkins, Email: ochang@example.org, Address: 
INFO:root:2024-09-18 09:34:23.798784: Added contact: 58 Fred, Phone: Olsen, Email: amyanderson@example.com, Address: 
INFO:root:2024-09-18 09:34:23.798784: Added contact: 59 Ryan, Phone: Nelson, Email: qnorman@example.org, Address: 
INFO:root:2024-09-18 09:34:23.798784: Added contact: 60 Grace, Phone: Phelps, Email: clarkeangela@example.net, Address: 
INFO:root:2024-09-18 09:34:23.798784: Added contact: 61 Shari, Phone: Daugherty, Email: kalvarado@example.org, Address: 
INFO:root:2024-09-18 09:34:23.798784: Added contact: 62 Kelli, Phone: Garner, Email: jodyvincent@example.org, Address: 
INFO:root:2024-09-18 09:34:23.798784: Added contact: 63 Jackie, Phone: Bennett, Email: hutchinsonkirk@example.com, Address: 
INFO:root:2024-09-18 09:34:23.798784: Added contact: 64 Leslie, Phone: Conway, Email: floreschristina@example.org, Address: 
INFO:root:2024-09-18 09:34:23.798784: Added contact: 65 Harold, Phone: Barnett, Email: nathan65@example.org, Address: 
INFO:root:2024-09-18 09:34:23.798784: Added contact: 66 Larry, Phone: Harper, Email: maria32@example.org, Address: 
INFO:root:2024-09-18 09:34:23.798784: Added contact: 67 Mike, Phone: Ward, Email: imccullough@example.com, Address: 
INFO:root:2024-09-18 09:34:23.798784: Added contact: 68 Brittney, Phone: Rubio, Email: corey92@example.com, Address: 
INFO:root:2024-09-18 09:34:23.798784: Added contact: 69 Frank, Phone: Pineda, Email: daltoncalvin@example.net, Address: 
INFO:root:2024-09-18 09:34:23.798784: Added contact: 70 Sandra, Phone: Wu, Email: ubanks@example.com, Address: 
INFO:root:2024-09-18 09:34:23.798784: Added contact: 71 Ryan, Phone: Benton, Email: lopezdebbie@example.org, Address: 
INFO:root:2024-09-18 09:34:23.798784: Added contact: 72 Tamara, Phone: Hull, Email: meagan39@example.net, Address: 
INFO:root:2024-09-18 09:34:23.798784: Added contact: 73 Jean, Phone: Ritter, Email: kristina76@example.com, Address: 
INFO:root:2024-09-18 09:34:23.798784: Added contact: 74 Veronica, Phone: Briggs, Email: weissbridget@example.com, Address: 
INFO:root:2024-09-18 09:34:23.798784: Added contact: 75 Kim, Phone: Andrews, Email: wpetersen@example.org, Address: 
INFO:root:2024-09-18 09:34:23.798784: Added contact: 76 Tina, Phone: Cunningham, Email: wongmary@example.org, Address: 
INFO:root:2024-09-18 09:34:23.798784: Added contact: 77 Jonathon, Phone: Atkinson, Email: gailfrench@example.net, Address: 
INFO:root:2024-09-18 09:34:23.798784: Added contact: 78 Jermaine, Phone: Reid, Email: vpaul@example.com, Address: 
INFO:root:2024-09-18 09:34:23.798784: Added contact: 79 Regina, Phone: Stevens, Email: xpoole@example.net, Address: 
INFO:root:2024-09-18 09:34:23.798784: Added contact: 80 Terrence, Phone: Huff, Email: cassandra80@example.org, Address: 
INFO:root:2024-09-18 09:34:23.798784: Added contact: 81 Tyler, Phone: Foley, Email: johnathan72@example.org, Address: 
INFO:root:2024-09-18 09:34:23.798784: Added contact: 82 Andrew, Phone: Waters, Email: nhall@example.net, Address: 
INFO:root:2024-09-18 09:34:23.798784: Added contact: 83 Reginald, Phone: Stephenson, Email: erikaball@example.net, Address: 
INFO:root:2024-09-18 09:34:23.798784: Added contact: 84 Douglas, Phone: Reese, Email: nixonvanessa@example.net, Address: 
INFO:root:2024-09-18 09:34:23.798784: Added contact: 85 Helen, Phone: Williamson, Email: melvin08@example.net, Address: 
INFO:root:2024-09-18 09:34:23.798784: Added contact: 86 Mario, Phone: Vaughn, Email: oblake@example.com, Address: 
INFO:root:2024-09-18 09:34:23.798784: Added contact: 87 Chelsea, Phone: Dickson, Email: johnnyhendricks@example.net, Address: 
INFO:root:2024-09-18 09:34:23.798784: Added contact: 88 Dustin, Phone: Bailey, Email: pbarron@example.net, Address: 
INFO:root:2024-09-18 09:34:23.798784: Added contact: 89 Harry, Phone: Medina, Email: olsenmalik@example.net, Address: 
INFO:root:2024-09-18 09:34:23.798784: Added contact: 90 Kathy, Phone: Haney, Email: teresa37@example.com, Address: 
INFO:root:2024-09-18 09:34:23.798784: Added contact: 91 Alison, Phone: Nixon, Email: zmiles@example.net, Address: 
INFO:root:2024-09-18 09:34:23.798784: Added contact: 92 Jamie, Phone: Hardy, Email: sheenadouglas@example.com, Address: 
INFO:root:2024-09-18 09:34:23.798784: Added contact: 93 Melody, Phone: Cox, Email: evan90@example.org, Address: 
INFO:root:2024-09-18 09:34:23.798784: Added contact: 94 Xavier, Phone: Cole, Email: nicolas90@example.org, Address: 
INFO:root:2024-09-18 09:34:23.798784: Added contact: 95 Dillon, Phone: Guzman, Email: angelanavarro@example.net, Address: 
INFO:root:2024-09-18 09:34:23.798784: Added contact: 96 Dennis, Phone: Barnes, Email: bmartin@example.org, Address: 
INFO:root:2024-09-18 09:34:23.798784: Added contact: 97 Steve, Phone: Patterson, Email: latasha46@example.net, Address: 
INFO:root:2024-09-18 09:34:23.798784: Added contact: 98 Wesley, Phone: Bray, Email: regina11@example.org, Address: 
INFO:root:2024-09-18 09:34:23.798784: Added contact: 99 Summer, Phone: Oconnell, Email: alexiscantrell@example.org, Address: 
INFO:root:2024-09-18 09:34:23.798784: Added contact: 100 Mariah, Phone: Bernard, Email: pcopeland@example.org, Address: 
INFO:root:2024-09-18 09:37:24.810112: Added contact: Index First Name, Phone: Last Name, Email: Email, Address: 
INFO:root:2024-09-18 09:37:24.811908: Added contact: 1 Shelby, Phone: Terrell, Email: elijah57@example.net, Address: 
INFO:root:2024-09-18 09:37:24.811908: Added contact: 2 Phillip, Phone: Summers, Email: bethany14@example.com, Address: 
INFO:root:2024-09-18 09:37:24.811908: Added contact: 3 Kristine, Phone: Travis, Email: bthompson@example.com, Address: 
INFO:root:2024-09-18 09:37:24.811908: Added contact: 4 Yesenia, Phone: Martinez, Email: kaitlinkaiser@example.com, Address: 
INFO:root:2024-09-18 09:37:24.811908: Added contact: 5 Lori, Phone: Todd, Email: buchananmanuel@example.net, Address: 
INFO:root:2024-09-18 09:37:24.812588: Added contact: 6 Erin, Phone: Day, Email: tconner@example.org, Address: 
INFO:root:2024-09-18 09:37:24.812588: Added contact: 7 Katherine, Phone: Buck, Email: conniecowan@example.com, Address: 
INFO:root:2024-09-18 09:37:24.812588: Added contact: 8 Ricardo, Phone: Hinton, Email: wyattbishop@example.com, Address: 
INFO:root:2024-09-18 09:37:24.812588: Added contact: 9 Dave, Phone: Farrell, Email: nmccann@example.net, Address: 
INFO:root:2024-09-18 09:37:24.812588: Added contact: 10 Isaiah, Phone: Downs, Email: virginiaterrell@example.org, Address: 
INFO:root:2024-09-18 09:37:24.812588: Added contact: 11 Sheila, Phone: Ross, Email: huangcathy@example.com, Address: 
INFO:root:2024-09-18 09:37:24.812588: Added contact: 12 Stacy, Phone: Newton, Email: rayleroy@example.org, Address: 
INFO:root:2024-09-18 09:37:24.812588: Added contact: 13 Mandy, Phone: Blake, Email: jefferynoble@example.org, Address: 
INFO:root:2024-09-18 09:37:24.812588: Added contact: 14 Bridget, Phone: Nash, Email: mercedes44@example.com, Address: 
INFO:root:2024-09-18 09:37:24.812588: Added contact: 15 Crystal, Phone: Farmer, Email: pmiranda@example.org, Address: 
INFO:root:2024-09-18 09:37:24.812588: Added contact: 16 Thomas, Phone: Knight, Email: braunpriscilla@example.net, Address: 
INFO:root:2024-09-18 09:37:24.812588: Added contact: 17 Maurice, Phone: Rangel, Email: sheenabanks@example.com, Address: 
INFO:root:2024-09-18 09:37:24.812588: Added contact: 18 Frank, Phone: Meadows, Email: gbrewer@example.org, Address: 
INFO:root:2024-09-18 09:37:24.812588: Added contact: 19 Alvin, Phone: Paul, Email: gilbertdonaldson@example.com, Address: 
INFO:root:2024-09-18 09:37:24.812588: Added contact: 20 Jared, Phone: Mitchell, Email: jcortez@example.com, Address: 
INFO:root:2024-09-18 09:37:24.812588: Added contact: 21 Jacqueline, Phone: Norton, Email: carias@example.net, Address: 
INFO:root:2024-09-18 09:37:24.812588: Added contact: 22 Colleen, Phone: Hatfield, Email: fknox@example.org, Address: 
INFO:root:2024-09-18 09:37:24.812588: Added contact: 23 Randy, Phone: Barnes, Email: huangbill@example.org, Address: 
INFO:root:2024-09-18 09:37:24.812588: Added contact: 24 Janice, Phone: Rhodes, Email: juarezdominique@example.net, Address: 
INFO:root:2024-09-18 09:37:24.812588: Added contact: 25 Alfred, Phone: Mcneil, Email: cassandramorris@example.com, Address: 
INFO:root:2024-09-18 09:37:24.812588: Added contact: 26 Sean, Phone: Levine, Email: sallymiller@example.net, Address: 
INFO:root:2024-09-18 09:37:24.812588: Added contact: 27 Louis, Phone: Payne, Email: bsullivan@example.net, Address: 
INFO:root:2024-09-18 09:37:24.812588: Added contact: 28 Brittney, Phone: Vega, Email: ayalajose@example.net, Address: 
INFO:root:2024-09-18 09:37:24.812588: Added contact: 29 Judy, Phone: Buckley, Email: irosales@example.net, Address: 
INFO:root:2024-09-18 09:37:24.812588: Added contact: 30 Norman, Phone: Weber, Email: mconrad@example.com, Address: 
INFO:root:2024-09-18 09:37:24.812588: Added contact: 31 Isaiah, Phone: Camacho, Email: jimblake@example.org, Address: 
INFO:root:2024-09-18 09:37:24.812588: Added contact: 32 Jacqueline, Phone: Gallagher, Email: nsampson@example.net, Address: 
INFO:root:2024-09-18 09:37:24.812588: Added contact: 33 Bonnie, Phone: Andrews, Email: caitlin24@example.net, Address: 
INFO:root:2024-09-18 09:37:24.812588: Added contact: 34 Brandon, Phone: Schmidt, Email: mconley@example.net, Address: 
INFO:root:2024-09-18 09:37:24.812588: Added contact: 35 Jackson, Phone: Sparks, Email: reynoldsdarryl@example.net, Address: 
INFO:root:2024-09-18 09:37:24.812588: Added contact: 36 Melody, Phone: Cook, Email: jeannovak@example.org, Address: 
INFO:root:2024-09-18 09:37:24.812588: Added contact: 37 Leonard, Phone: Hurst, Email: clinton78@example.org, Address: 
INFO:root:2024-09-18 09:37:24.812588: Added contact: 38 Gene, Phone: Rich, Email: luisdeleon@example.org, Address: 
INFO:root:2024-09-18 09:37:24.812588: Added contact: 39 Cynthia, Phone: Wiggins, Email: rosariodave@example.org, Address: 
INFO:root:2024-09-18 09:37:24.812588: Added contact: 40 Tanya, Phone: Mckinney, Email: vickihouston@example.com, Address: 
INFO:root:2024-09-18 09:37:24.812588: Added contact: 41 Matthew, Phone: Stone, Email: evelyn31@example.org, Address: 
INFO:root:2024-09-18 09:37:24.812588: Added contact: 42 Kirk, Phone: Walsh, Email: stephenfuller@example.org, Address: 
INFO:root:2024-09-18 09:37:24.812588: Added contact: 43 Willie, Phone: Vang, Email: haleymathews@example.net, Address: 
INFO:root:2024-09-18 09:37:24.812588: Added contact: 44 Miguel, Phone: Hill, Email: tyrone56@example.org, Address: 
INFO:root:2024-09-18 09:37:24.812588: Added contact: 45 Darren, Phone: Andrews, Email: lhernandez@example.com, Address: 
INFO:root:2024-09-18 09:37:24.812588: Added contact: 46 Haley, Phone: Pugh, Email: molly03@example.org, Address: 
INFO:root:2024-09-18 09:37:24.812588: Added contact: 47 Danielle, Phone: Estrada, Email: jvang@example.org, Address: 
INFO:root:2024-09-18 09:37:24.812588: Added contact: 48 Becky, Phone: Brady, Email: erikmueller@example.org, Address: 
INFO:root:2024-09-18 09:37:24.812588: Added contact: 49 Caitlyn, Phone: Frey, Email: rivasdominique@example.org, Address: 
INFO:root:2024-09-18 09:37:24.812588: Added contact: 50 Joshua, Phone: Sweeney, Email: daisymcgee@example.net, Address: 
INFO:root:2024-09-18 09:37:24.812588: Added contact: 51 Heidi, Phone: Escobar, Email: staffordtravis@example.net, Address: 
INFO:root:2024-09-18 09:37:24.812588: Added contact: 52 Brian, Phone: Oconnell, Email: saralong@example.net, Address: 
INFO:root:2024-09-18 09:37:24.812588: Added contact: 53 Beverly, Phone: Esparza, Email: iphelps@example.net, Address: 
INFO:root:2024-09-18 09:37:24.812588: Added contact: 54 Nathaniel, Phone: Rivas, Email: roberto29@example.com, Address: 
INFO:root:2024-09-18 09:37:24.812588: Added contact: 55 Debra, Phone: Payne, Email: yolanda07@example.org, Address: 
INFO:root:2024-09-18 09:37:24.812588: Added contact: 56 Mackenzie, Phone: Rocha, Email: abbottyvette@example.net, Address: 
INFO:root:2024-09-18 09:37:24.812588: Added contact: 57 Courtney, Phone: Watkins, Email: ochang@example.org, Address: 
INFO:root:2024-09-18 09:37:24.812588: Added contact: 58 Fred, Phone: Olsen, Email: amyanderson@example.com, Address: 
INFO:root:2024-09-18 09:37:24.812588: Added contact: 59 Ryan, Phone: Nelson, Email: qnorman@example.org, Address: 
INFO:root:2024-09-18 09:37:24.812588: Added contact: 60 Grace, Phone: Phelps, Email: clarkeangela@example.net, Address: 
INFO:root:2024-09-18 09:37:24.812588: Added contact: 61 Shari, Phone: Daugherty, Email: kalvarado@example.org, Address: 
INFO:root:2024-09-18 09:37:24.812588: Added contact: 62 Kelli, Phone: Garner, Email: jodyvincent@example.org, Address: 
INFO:root:2024-09-18 09:37:24.812588: Added contact: 63 Jackie, Phone: Bennett, Email: hutchinsonkirk@example.com, Address: 
INFO:root:2024-09-18 09:37:24.812588: Added contact: 64 Leslie, Phone: Conway, Email: floreschristina@example.org, Address: 
INFO:root:2024-09-18 09:37:24.812588: Added contact: 65 Harold, Phone: Barnett, Email: nathan65@example.org, Address: 
INFO:root:2024-09-18 09:37:24.812588: Added contact: 66 Larry, Phone: Harper, Email: maria32@example.org, Address: 
INFO:root:2024-09-18 09:37:24.812588: Added contact: 67 Mike, Phone: Ward, Email: imccullough@example.com, Address: 
INFO:root:2024-09-18 09:37:24.812588: Added contact: 68 Brittney, Phone: Rubio, Email: corey92@example.com, Address: 
INFO:root:2024-09-18 09:37:24.812588: Added contact: 69 Frank, Phone: Pineda, Email: daltoncalvin@example.net, Address: 
INFO:root:2024-09-18 09:37:24.812588: Added contact: 70 Sandra, Phone: Wu, Email: ubanks@example.com, Address: 
INFO:root:2024-09-18 09:37:24.812588: Added contact: 71 Ryan, Phone: Benton, Email: lopezdebbie@example.org, Address: 
INFO:root:2024-09-18 09:37:24.812588: Added contact: 72 Tamara, Phone: Hull, Email: meagan39@example.net, Address: 
INFO:root:2024-09-18 09:37:24.812588: Added contact: 73 Jean, Phone: Ritter, Email: kristina76@example.com, Address: 
INFO:root:2024-09-18 09:37:24.812588: Added contact: 74 Veronica, Phone: Briggs, Email: weissbridget@example.com, Address: 
INFO:root:2024-09-18 09:37:24.812588: Added contact: 75 Kim, Phone: Andrews, Email: wpetersen@example.org, Address: 
INFO:root:2024-09-18 09:37:24.812588: Added contact: 76 Tina, Phone: Cunningham, Email: wongmary@example.org, Address: 
INFO:root:2024-09-18 09:37:24.812588: Added contact: 77 Jonathon, Phone: Atkinson, Email: gailfrench@example.net, Address: 
INFO:root:2024-09-18 09:37:24.812588: Added contact: 78 Jermaine, Phone: Reid, Email: vpaul@example.com, Address: 
INFO:root:2024-09-18 09:37:24.812588: Added contact: 79 Regina, Phone: Stevens, Email: xpoole@example.net, Address: 
INFO:root:2024-09-18 09:37:24.812588: Added contact: 80 Terrence, Phone: Huff, Email: cassandra80@example.org, Address: 
INFO:root:2024-09-18 09:37:24.812588: Added contact: 81 Tyler, Phone: Foley, Email: johnathan72@example.org, Address: 
INFO:root:2024-09-18 09:37:24.812588: Added contact: 82 Andrew, Phone: Waters, Email: nhall@example.net, Address: 
INFO:root:2024-09-18 09:37:24.812588: Added contact: 83 Reginald, Phone: Stephenson, Email: erikaball@example.net, Address: 
INFO:root:2024-09-18 09:37:24.812588: Added contact: 84 Douglas, Phone: Reese, Email: nixonvanessa@example.net, Address: 
INFO:root:2024-09-18 09:37:24.812588: Added contact: 85 Helen, Phone: Williamson, Email: melvin08@example.net, Address: 
INFO:root:2024-09-18 09:37:24.812588: Added contact: 86 Mario, Phone: Vaughn, Email: oblake@example.com, Address: 
INFO:root:2024-09-18 09:37:24.812588: Added contact: 87 Chelsea, Phone: Dickson, Email: johnnyhendricks@example.net, Address: 
INFO:root:2024-09-18 09:37:24.812588: Added contact: 88 Dustin, Phone: Bailey, Email: pbarron@example.net, Address: 
INFO:root:2024-09-18 09:37:24.812588: Added contact: 89 Harry, Phone: Medina, Email: olsenmalik@example.net, Address: 
INFO:root:2024-09-18 09:37:24.812588: Added contact: 90 Kathy, Phone: Haney, Email: teresa37@example.com, Address: 
INFO:root:2024-09-18 09:37:24.812588: Added contact: 91 Alison, Phone: Nixon, Email: zmiles@example.net, Address: 
INFO:root:2024-09-18 09:37:24.812588: Added contact: 92 Jamie, Phone: Hardy, Email: sheenadouglas@example.com, Address: 
INFO:root:2024-09-18 09:37:24.812588: Added contact: 93 Melody, Phone: Cox, Email: evan90@example.org, Address: 
INFO:root:2024-09-18 09:37:24.812588: Added contact: 94 Xavier, Phone: Cole, Email: nicolas90@example.org, Address: 
INFO:root:2024-09-18 09:37:24.812588: Added contact: 95 Dillon, Phone: Guzman, Email: angelanavarro@example.net, Address: 
INFO:root:2024-09-18 09:37:24.812588: Added contact: 96 Dennis, Phone: Barnes, Email: bmartin@example.org, Address: 
INFO:root:2024-09-18 09:37:24.812588: Added contact: 97 Steve, Phone: Patterson, Email: latasha46@example.net, Address: 
INFO:root:2024-09-18 09:37:24.812588: Added contact: 98 Wesley, Phone: Bray, Email: regina11@example.org, Address: 
INFO:root:2024-09-18 09:37:24.812588: Added contact: 99 Summer, Phone: Oconnell, Email: alexiscantrell@example.org, Address: 
INFO:root:2024-09-18 09:37:24.812588: Added contact: 100 Mariah, Phone: Bernard, Email: pcopeland@example.org, Address: 
INFO:root:2024-09-18 09:39:21.193799: Added contact: Index First Name, Phone: Last Name, Email: Email, Address: 
INFO:root:2024-09-18 09:39:21.193799: Added contact: 1 Shelby, Phone: Terrell, Email: elijah57@example.net, Address: 
INFO:root:2024-09-18 09:39:21.193799: Added contact: 2 Phillip, Phone: Summers, Email: bethany14@example.com, Address: 
INFO:root:2024-09-18 09:39:21.194801: Added contact: 3 Kristine, Phone: Travis, Email: bthompson@example.com, Address: 
INFO:root:2024-09-18 09:39:21.194801: Added contact: 4 Yesenia, Phone: Martinez, Email: kaitlinkaiser@example.com, Address: 
INFO:root:2024-09-18 09:39:21.194801: Added contact: 5 Lori, Phone: Todd, Email: buchananmanuel@example.net, Address: 
INFO:root:2024-09-18 09:39:21.194801: Added contact: 6 Erin, Phone: Day, Email: tconner@example.org, Address: 
INFO:root:2024-09-18 09:39:21.194801: Added contact: 7 Katherine, Phone: Buck, Email: conniecowan@example.com, Address: 
INFO:root:2024-09-18 09:39:21.194801: Added contact: 8 Ricardo, Phone: Hinton, Email: wyattbishop@example.com, Address: 
INFO:root:2024-09-18 09:39:21.194801: Added contact: 9 Dave, Phone: Farrell, Email: nmccann@example.net, Address: 
INFO:root:2024-09-18 09:39:21.194801: Added contact: 10 Isaiah, Phone: Downs, Email: virginiaterrell@example.org, Address: 
INFO:root:2024-09-18 09:39:21.194801: Added contact: 11 Sheila, Phone: Ross, Email: huangcathy@example.com, Address: 
INFO:root:2024-09-18 09:39:21.195324: Added contact: 12 Stacy, Phone: Newton, Email: rayleroy@example.org, Address: 
INFO:root:2024-09-18 09:39:21.195324: Added contact: 13 Mandy, Phone: Blake, Email: jefferynoble@example.org, Address: 
INFO:root:2024-09-18 09:39:21.195324: Added contact: 14 Bridget, Phone: Nash, Email: mercedes44@example.com, Address: 
INFO:root:2024-09-18 09:39:21.195324: Added contact: 15 Crystal, Phone: Farmer, Email: pmiranda@example.org, Address: 
INFO:root:2024-09-18 09:39:21.195324: Added contact: 16 Thomas, Phone: Knight, Email: braunpriscilla@example.net, Address: 
INFO:root:2024-09-18 09:39:21.195324: Added contact: 17 Maurice, Phone: Rangel, Email: sheenabanks@example.com, Address: 
INFO:root:2024-09-18 09:39:21.195324: Added contact: 18 Frank, Phone: Meadows, Email: gbrewer@example.org, Address: 
INFO:root:2024-09-18 09:39:21.195940: Added contact: 19 Alvin, Phone: Paul, Email: gilbertdonaldson@example.com, Address: 
INFO:root:2024-09-18 09:39:21.195940: Added contact: 20 Jared, Phone: Mitchell, Email: jcortez@example.com, Address: 
INFO:root:2024-09-18 09:39:21.195940: Added contact: 21 Jacqueline, Phone: Norton, Email: carias@example.net, Address: 
INFO:root:2024-09-18 09:39:21.195940: Added contact: 22 Colleen, Phone: Hatfield, Email: fknox@example.org, Address: 
INFO:root:2024-09-18 09:39:21.195940: Added contact: 23 Randy, Phone: Barnes, Email: huangbill@example.org, Address: 
INFO:root:2024-09-18 09:39:21.195940: Added contact: 24 Janice, Phone: Rhodes, Email: juarezdominique@example.net, Address: 
INFO:root:2024-09-18 09:39:21.195940: Added contact: 25 Alfred, Phone: Mcneil, Email: cassandramorris@example.com, Address: 
INFO:root:2024-09-18 09:39:21.195940: Added contact: 26 Sean, Phone: Levine, Email: sallymiller@example.net, Address: 
INFO:root:2024-09-18 09:39:21.195940: Added contact: 27 Louis, Phone: Payne, Email: bsullivan@example.net, Address: 
INFO:root:2024-09-18 09:39:21.195940: Added contact: 28 Brittney, Phone: Vega, Email: ayalajose@example.net, Address: 
INFO:root:2024-09-18 09:39:21.195940: Added contact: 29 Judy, Phone: Buckley, Email: irosales@example.net, Address: 
INFO:root:2024-09-18 09:39:21.195940: Added contact: 30 Norman, Phone: Weber, Email: mconrad@example.com, Address: 
INFO:root:2024-09-18 09:39:21.195940: Added contact: 31 Isaiah, Phone: Camacho, Email: jimblake@example.org, Address: 
INFO:root:2024-09-18 09:39:21.195940: Added contact: 32 Jacqueline, Phone: Gallagher, Email: nsampson@example.net, Address: 
INFO:root:2024-09-18 09:39:21.195940: Added contact: 33 Bonnie, Phone: Andrews, Email: caitlin24@example.net, Address: 
INFO:root:2024-09-18 09:39:21.195940: Added contact: 34 Brandon, Phone: Schmidt, Email: mconley@example.net, Address: 
INFO:root:2024-09-18 09:39:21.195940: Added contact: 35 Jackson, Phone: Sparks, Email: reynoldsdarryl@example.net, Address: 
INFO:root:2024-09-18 09:39:21.195940: Added contact: 36 Melody, Phone: Cook, Email: jeannovak@example.org, Address: 
INFO:root:2024-09-18 09:39:21.195940: Added contact: 37 Leonard, Phone: Hurst, Email: clinton78@example.org, Address: 
INFO:root:2024-09-18 09:39:21.195940: Added contact: 38 Gene, Phone: Rich, Email: luisdeleon@example.org, Address: 
INFO:root:2024-09-18 09:39:21.195940: Added contact: 39 Cynthia, Phone: Wiggins, Email: rosariodave@example.org, Address: 
INFO:root:2024-09-18 09:39:21.195940: Added contact: 40 Tanya, Phone: Mckinney, Email: vickihouston@example.com, Address: 
INFO:root:2024-09-18 09:39:21.195940: Added contact: 41 Matthew, Phone: Stone, Email: evelyn31@example.org, Address: 
INFO:root:2024-09-18 09:39:21.195940: Added contact: 42 Kirk, Phone: Walsh, Email: stephenfuller@example.org, Address: 
INFO:root:2024-09-18 09:39:21.195940: Added contact: 43 Willie, Phone: Vang, Email: haleymathews@example.net, Address: 
INFO:root:2024-09-18 09:39:21.195940: Added contact: 44 Miguel, Phone: Hill, Email: tyrone56@example.org, Address: 
INFO:root:2024-09-18 09:39:21.195940: Added contact: 45 Darren, Phone: Andrews, Email: lhernandez@example.com, Address: 
INFO:root:2024-09-18 09:39:21.195940: Added contact: 46 Haley, Phone: Pugh, Email: molly03@example.org, Address: 
INFO:root:2024-09-18 09:39:21.195940: Added contact: 47 Danielle, Phone: Estrada, Email: jvang@example.org, Address: 
INFO:root:2024-09-18 09:39:21.195940: Added contact: 48 Becky, Phone: Brady, Email: erikmueller@example.org, Address: 
INFO:root:2024-09-18 09:39:21.195940: Added contact: 49 Caitlyn, Phone: Frey, Email: rivasdominique@example.org, Address: 
INFO:root:2024-09-18 09:39:21.195940: Added contact: 50 Joshua, Phone: Sweeney, Email: daisymcgee@example.net, Address: 
INFO:root:2024-09-18 09:39:21.195940: Added contact: 51 Heidi, Phone: Escobar, Email: staffordtravis@example.net, Address: 
INFO:root:2024-09-18 09:39:21.195940: Added contact: 52 Brian, Phone: Oconnell, Email: saralong@example.net, Address: 
INFO:root:2024-09-18 09:39:21.195940: Added contact: 53 Beverly, Phone: Esparza, Email: iphelps@example.net, Address: 
INFO:root:2024-09-18 09:39:21.195940: Added contact: 54 Nathaniel, Phone: Rivas, Email: roberto29@example.com, Address: 
INFO:root:2024-09-18 09:39:21.195940: Added contact: 55 Debra, Phone: Payne, Email: yolanda07@example.org, Address: 
INFO:root:2024-09-18 09:39:21.195940: Added contact: 56 Mackenzie, Phone: Rocha, Email: abbottyvette@example.net, Address: 
INFO:root:2024-09-18 09:39:21.195940: Added contact: 57 Courtney, Phone: Watkins, Email: ochang@example.org, Address: 
INFO:root:2024-09-18 09:39:21.195940: Added contact: 58 Fred, Phone: Olsen, Email: amyanderson@example.com, Address: 
INFO:root:2024-09-18 09:39:21.195940: Added contact: 59 Ryan, Phone: Nelson, Email: qnorman@example.org, Address: 
INFO:root:2024-09-18 09:39:21.195940: Added contact: 60 Grace, Phone: Phelps, Email: clarkeangela@example.net, Address: 
INFO:root:2024-09-18 09:39:21.195940: Added contact: 61 Shari, Phone: Daugherty, Email: kalvarado@example.org, Address: 
INFO:root:2024-09-18 09:39:21.195940: Added contact: 62 Kelli, Phone: Garner, Email: jodyvincent@example.org, Address: 
INFO:root:2024-09-18 09:39:21.195940: Added contact: 63 Jackie, Phone: Bennett, Email: hutchinsonkirk@example.com, Address: 
INFO:root:2024-09-18 09:39:21.195940: Added contact: 64 Leslie, Phone: Conway, Email: floreschristina@example.org, Address: 
INFO:root:2024-09-18 09:39:21.195940: Added contact: 65 Harold, Phone: Barnett, Email: nathan65@example.org, Address: 
INFO:root:2024-09-18 09:39:21.195940: Added contact: 66 Larry, Phone: Harper, Email: maria32@example.org, Address: 
INFO:root:2024-09-18 09:39:21.195940: Added contact: 67 Mike, Phone: Ward, Email: imccullough@example.com, Address: 
INFO:root:2024-09-18 09:39:21.195940: Added contact: 68 Brittney, Phone: Rubio, Email: corey92@example.com, Address: 
INFO:root:2024-09-18 09:39:21.195940: Added contact: 69 Frank, Phone: Pineda, Email: daltoncalvin@example.net, Address: 
INFO:root:2024-09-18 09:39:21.195940: Added contact: 70 Sandra, Phone: Wu, Email: ubanks@example.com, Address: 
INFO:root:2024-09-18 09:39:21.195940: Added contact: 71 Ryan, Phone: Benton, Email: lopezdebbie@example.org, Address: 
INFO:root:2024-09-18 09:39:21.195940: Added contact: 72 Tamara, Phone: Hull, Email: meagan39@example.net, Address: 
INFO:root:2024-09-18 09:39:21.195940: Added contact: 73 Jean, Phone: Ritter, Email: kristina76@example.com, Address: 
INFO:root:2024-09-18 09:39:21.195940: Added contact: 74 Veronica, Phone: Briggs, Email: weissbridget@example.com, Address: 
INFO:root:2024-09-18 09:39:21.195940: Added contact: 75 Kim, Phone: Andrews, Email: wpetersen@example.org, Address: 
INFO:root:2024-09-18 09:39:21.195940: Added contact: 76 Tina, Phone: Cunningham, Email: wongmary@example.org, Address: 
INFO:root:2024-09-18 09:39:21.195940: Added contact: 77 Jonathon, Phone: Atkinson, Email: gailfrench@example.net, Address: 
INFO:root:2024-09-18 09:39:21.195940: Added contact: 78 Jermaine, Phone: Reid, Email: vpaul@example.com, Address: 
INFO:root:2024-09-18 09:39:21.195940: Added contact: 79 Regina, Phone: Stevens, Email: xpoole@example.net, Address: 
INFO:root:2024-09-18 09:39:21.195940: Added contact: 80 Terrence, Phone: Huff, Email: cassandra80@example.org, Address: 
INFO:root:2024-09-18 09:39:21.195940: Added contact: 81 Tyler, Phone: Foley, Email: johnathan72@example.org, Address: 
INFO:root:2024-09-18 09:39:21.195940: Added contact: 82 Andrew, Phone: Waters, Email: nhall@example.net, Address: 
INFO:root:2024-09-18 09:39:21.195940: Added contact: 83 Reginald, Phone: Stephenson, Email: erikaball@example.net, Address: 
INFO:root:2024-09-18 09:39:21.195940: Added contact: 84 Douglas, Phone: Reese, Email: nixonvanessa@example.net, Address: 
INFO:root:2024-09-18 09:39:21.195940: Added contact: 85 Helen, Phone: Williamson, Email: melvin08@example.net, Address: 
INFO:root:2024-09-18 09:39:21.195940: Added contact: 86 Mario, Phone: Vaughn, Email: oblake@example.com, Address: 
INFO:root:2024-09-18 09:39:21.195940: Added contact: 87 Chelsea, Phone: Dickson, Email: johnnyhendricks@example.net, Address: 
INFO:root:2024-09-18 09:39:21.195940: Added contact: 88 Dustin, Phone: Bailey, Email: pbarron@example.net, Address: 
INFO:root:2024-09-18 09:39:21.195940: Added contact: 89 Harry, Phone: Medina, Email: olsenmalik@example.net, Address: 
INFO:root:2024-09-18 09:39:21.195940: Added contact: 90 Kathy, Phone: Haney, Email: teresa37@example.com, Address: 
INFO:root:2024-09-18 09:39:21.195940: Added contact: 91 Alison, Phone: Nixon, Email: zmiles@example.net, Address: 
INFO:root:2024-09-18 09:39:21.195940: Added contact: 92 Jamie, Phone: Hardy, Email: sheenadouglas@example.com, Address: 
INFO:root:2024-09-18 09:39:21.195940: Added contact: 93 Melody, Phone: Cox, Email: evan90@example.org, Address: 
INFO:root:2024-09-18 09:39:21.195940: Added contact: 94 Xavier, Phone: Cole, Email: nicolas90@example.org, Address: 
INFO:root:2024-09-18 09:39:21.195940: Added contact: 95 Dillon, Phone: Guzman, Email: angelanavarro@example.net, Address: 
INFO:root:2024-09-18 09:39:21.195940: Added contact: 96 Dennis, Phone: Barnes, Email: bmartin@example.org, Address: 
INFO:root:2024-09-18 09:39:21.195940: Added contact: 97 Steve, Phone: Patterson, Email: latasha46@example.net, Address: 
INFO:root:2024-09-18 09:39:21.195940: Added contact: 98 Wesley, Phone: Bray, Email: regina11@example.org, Address: 
INFO:root:2024-09-18 09:39:21.195940: Added contact: 99 Summer, Phone: Oconnell, Email: alexiscantrell@example.org, Address: 
INFO:root:2024-09-18 09:39:21.195940: Added contact: 100 Mariah, Phone: Bernard, Email: pcopeland@example.org, Address: 
INFO:root:2024-09-18 09:40:47.977087: Added contact: Index First Name, Phone: Last Name, Email: Email, Address: 
INFO:root:2024-09-18 09:40:47.977087: Added contact: 1 Shelby, Phone: Terrell, Email: elijah57@example.net, Address: 
INFO:root:2024-09-18 09:40:47.977087: Added contact: 2 Phillip, Phone: Summers, Email: bethany14@example.com, Address: 
INFO:root:2024-09-18 09:40:47.977087: Added contact: 3 Kristine, Phone: Travis, Email: bthompson@example.com, Address: 
INFO:root:2024-09-18 09:40:47.977087: Added contact: 4 Yesenia, Phone: Martinez, Email: kaitlinkaiser@example.com, Address: 
INFO:root:2024-09-18 09:40:47.977087: Added contact: 5 Lori, Phone: Todd, Email: buchananmanuel@example.net, Address: 
INFO:root:2024-09-18 09:40:47.977087: Added contact: 6 Erin, Phone: Day, Email: tconner@example.org, Address: 
INFO:root:2024-09-18 09:40:47.977087: Added contact: 7 Katherine, Phone: Buck, Email: conniecowan@example.com, Address: 
INFO:root:2024-09-18 09:40:47.977087: Added contact: 8 Ricardo, Phone: Hinton, Email: wyattbishop@example.com, Address: 
INFO:root:2024-09-18 09:40:47.977087: Added contact: 9 Dave, Phone: Farrell, Email: nmccann@example.net, Address: 
INFO:root:2024-09-18 09:40:47.977087: Added contact: 10 Isaiah, Phone: Downs, Email: virginiaterrell@example.org, Address: 
INFO:root:2024-09-18 09:40:47.977087: Added contact: 11 Sheila, Phone: Ross, Email: huangcathy@example.com, Address: 
INFO:root:2024-09-18 09:40:47.977087: Added contact: 12 Stacy, Phone: Newton, Email: rayleroy@example.org, Address: 
INFO:root:2024-09-18 09:40:47.977087: Added contact: 13 Mandy, Phone: Blake, Email: jefferynoble@example.org, Address: 
INFO:root:2024-09-18 09:40:47.977087: Added contact: 14 Bridget, Phone: Nash, Email: mercedes44@example.com, Address: 
INFO:root:2024-09-18 09:40:47.977087: Added contact: 15 Crystal, Phone: Farmer, Email: pmiranda@example.org, Address: 
INFO:root:2024-09-18 09:40:47.977087: Added contact: 16 Thomas, Phone: Knight, Email: braunpriscilla@example.net, Address: 
INFO:root:2024-09-18 09:40:47.977087: Added contact: 17 Maurice, Phone: Rangel, Email: sheenabanks@example.com, Address: 
INFO:root:2024-09-18 09:40:47.977087: Added contact: 18 Frank, Phone: Meadows, Email: gbrewer@example.org, Address: 
INFO:root:2024-09-18 09:40:47.977087: Added contact: 19 Alvin, Phone: Paul, Email: gilbertdonaldson@example.com, Address: 
INFO:root:2024-09-18 09:40:47.977087: Added contact: 20 Jared, Phone: Mitchell, Email: jcortez@example.com, Address: 
INFO:root:2024-09-18 09:40:47.977087: Added contact: 21 Jacqueline, Phone: Norton, Email: carias@example.net, Address: 
INFO:root:2024-09-18 09:40:47.977087: Added contact: 22 Colleen, Phone: Hatfield, Email: fknox@example.org, Address: 
INFO:root:2024-09-18 09:40:47.977087: Added contact: 23 Randy, Phone: Barnes, Email: huangbill@example.org, Address: 
INFO:root:2024-09-18 09:40:47.977087: Added contact: 24 Janice, Phone: Rhodes, Email: juarezdominique@example.net, Address: 
INFO:root:2024-09-18 09:40:47.977087: Added contact: 25 Alfred, Phone: Mcneil, Email: cassandramorris@example.com, Address: 
INFO:root:2024-09-18 09:40:47.977087: Added contact: 26 Sean, Phone: Levine, Email: sallymiller@example.net, Address: 
INFO:root:2024-09-18 09:40:47.977087: Added contact: 27 Louis, Phone: Payne, Email: bsullivan@example.net, Address: 
INFO:root:2024-09-18 09:40:47.977087: Added contact: 28 Brittney, Phone: Vega, Email: ayalajose@example.net, Address: 
INFO:root:2024-09-18 09:40:47.977087: Added contact: 29 Judy, Phone: Buckley, Email: irosales@example.net, Address: 
INFO:root:2024-09-18 09:40:47.977087: Added contact: 30 Norman, Phone: Weber, Email: mconrad@example.com, Address: 
INFO:root:2024-09-18 09:40:47.977087: Added contact: 31 Isaiah, Phone: Camacho, Email: jimblake@example.org, Address: 
INFO:root:2024-09-18 09:40:47.977087: Added contact: 32 Jacqueline, Phone: Gallagher, Email: nsampson@example.net, Address: 
INFO:root:2024-09-18 09:40:47.977087: Added contact: 33 Bonnie, Phone: Andrews, Email: caitlin24@example.net, Address: 
INFO:root:2024-09-18 09:40:47.977087: Added contact: 34 Brandon, Phone: Schmidt, Email: mconley@example.net, Address: 
INFO:root:2024-09-18 09:40:47.977087: Added contact: 35 Jackson, Phone: Sparks, Email: reynoldsdarryl@example.net, Address: 
INFO:root:2024-09-18 09:40:47.977087: Added contact: 36 Melody, Phone: Cook, Email: jeannovak@example.org, Address: 
INFO:root:2024-09-18 09:40:47.977087: Added contact: 37 Leonard, Phone: Hurst, Email: clinton78@example.org, Address: 
INFO:root:2024-09-18 09:40:47.977087: Added contact: 38 Gene, Phone: Rich, Email: luisdeleon@example.org, Address: 
INFO:root:2024-09-18 09:40:47.977087: Added contact: 39 Cynthia, Phone: Wiggins, Email: rosariodave@example.org, Address: 
INFO:root:2024-09-18 09:40:47.977087: Added contact: 40 Tanya, Phone: Mckinney, Email: vickihouston@example.com, Address: 
INFO:root:2024-09-18 09:40:47.977087: Added contact: 41 Matthew, Phone: Stone, Email: evelyn31@example.org, Address: 
INFO:root:2024-09-18 09:40:47.977087: Added contact: 42 Kirk, Phone: Walsh, Email: stephenfuller@example.org, Address: 
INFO:root:2024-09-18 09:40:47.977087: Added contact: 43 Willie, Phone: Vang, Email: haleymathews@example.net, Address: 
INFO:root:2024-09-18 09:40:47.977087: Added contact: 44 Miguel, Phone: Hill, Email: tyrone56@example.org, Address: 
INFO:root:2024-09-18 09:40:47.977087: Added contact: 45 Darren, Phone: Andrews, Email: lhernandez@example.com, Address: 
INFO:root:2024-09-18 09:40:47.977087: Added contact: 46 Haley, Phone: Pugh, Email: molly03@example.org, Address: 
INFO:root:2024-09-18 09:40:47.977087: Added contact: 47 Danielle, Phone: Estrada, Email: jvang@example.org, Address: 
INFO:root:2024-09-18 09:40:47.977087: Added contact: 48 Becky, Phone: Brady, Email: erikmueller@example.org, Address: 
INFO:root:2024-09-18 09:40:47.977087: Added contact: 49 Caitlyn, Phone: Frey, Email: rivasdominique@example.org, Address: 
INFO:root:2024-09-18 09:40:47.977087: Added contact: 50 Joshua, Phone: Sweeney, Email: daisymcgee@example.net, Address: 
INFO:root:2024-09-18 09:40:47.977087: Added contact: 51 Heidi, Phone: Escobar, Email: staffordtravis@example.net, Address: 
INFO:root:2024-09-18 09:40:47.977087: Added contact: 52 Brian, Phone: Oconnell, Email: saralong@example.net, Address: 
INFO:root:2024-09-18 09:40:47.977087: Added contact: 53 Beverly, Phone: Esparza, Email: iphelps@example.net, Address: 
INFO:root:2024-09-18 09:40:47.977087: Added contact: 54 Nathaniel, Phone: Rivas, Email: roberto29@example.com, Address: 
INFO:root:2024-09-18 09:40:47.977087: Added contact: 55 Debra, Phone: Payne, Email: yolanda07@example.org, Address: 
INFO:root:2024-09-18 09:40:47.977087: Added contact: 56 Mackenzie, Phone: Rocha, Email: abbottyvette@example.net, Address: 
INFO:root:2024-09-18 09:40:47.977087: Added contact: 57 Courtney, Phone: Watkins, Email: ochang@example.org, Address: 
INFO:root:2024-09-18 09:40:47.977087: Added contact: 58 Fred, Phone: Olsen, Email: amyanderson@example.com, Address: 
INFO:root:2024-09-18 09:40:47.977087: Added contact: 59 Ryan, Phone: Nelson, Email: qnorman@example.org, Address: 
INFO:root:2024-09-18 09:40:47.977087: Added contact: 60 Grace, Phone: Phelps, Email: clarkeangela@example.net, Address: 
INFO:root:2024-09-18 09:40:47.977087: Added contact: 61 Shari, Phone: Daugherty, Email: kalvarado@example.org, Address: 
INFO:root:2024-09-18 09:40:47.977087: Added contact: 62 Kelli, Phone: Garner, Email: jodyvincent@example.org, Address: 
INFO:root:2024-09-18 09:40:47.977087: Added contact: 63 Jackie, Phone: Bennett, Email: hutchinsonkirk@example.com, Address: 
INFO:root:2024-09-18 09:40:47.977087: Added contact: 64 Leslie, Phone: Conway, Email: floreschristina@example.org, Address: 
INFO:root:2024-09-18 09:40:47.977087: Added contact: 65 Harold, Phone: Barnett, Email: nathan65@example.org, Address: 
INFO:root:2024-09-18 09:40:47.977087: Added contact: 66 Larry, Phone: Harper, Email: maria32@example.org, Address: 
INFO:root:2024-09-18 09:40:47.977087: Added contact: 67 Mike, Phone: Ward, Email: imccullough@example.com, Address: 
INFO:root:2024-09-18 09:40:47.977087: Added contact: 68 Brittney, Phone: Rubio, Email: corey92@example.com, Address: 
INFO:root:2024-09-18 09:40:47.977087: Added contact: 69 Frank, Phone: Pineda, Email: daltoncalvin@example.net, Address: 
INFO:root:2024-09-18 09:40:47.977087: Added contact: 70 Sandra, Phone: Wu, Email: ubanks@example.com, Address: 
INFO:root:2024-09-18 09:40:47.977087: Added contact: 71 Ryan, Phone: Benton, Email: lopezdebbie@example.org, Address: 
INFO:root:2024-09-18 09:40:47.977087: Added contact: 72 Tamara, Phone: Hull, Email: meagan39@example.net, Address: 
INFO:root:2024-09-18 09:40:47.977087: Added contact: 73 Jean, Phone: Ritter, Email: kristina76@example.com, Address: 
INFO:root:2024-09-18 09:40:47.977087: Added contact: 74 Veronica, Phone: Briggs, Email: weissbridget@example.com, Address: 
INFO:root:2024-09-18 09:40:47.977087: Added contact: 75 Kim, Phone: Andrews, Email: wpetersen@example.org, Address: 
INFO:root:2024-09-18 09:40:47.977087: Added contact: 76 Tina, Phone: Cunningham, Email: wongmary@example.org, Address: 
INFO:root:2024-09-18 09:40:47.977087: Added contact: 77 Jonathon, Phone: Atkinson, Email: gailfrench@example.net, Address: 
INFO:root:2024-09-18 09:40:47.977087: Added contact: 78 Jermaine, Phone: Reid, Email: vpaul@example.com, Address: 
INFO:root:2024-09-18 09:40:47.977087: Added contact: 79 Regina, Phone: Stevens, Email: xpoole@example.net, Address: 
INFO:root:2024-09-18 09:40:47.977087: Added contact: 80 Terrence, Phone: Huff, Email: cassandra80@example.org, Address: 
INFO:root:2024-09-18 09:40:47.977087: Added contact: 81 Tyler, Phone: Foley, Email: johnathan72@example.org, Address: 
INFO:root:2024-09-18 09:40:47.977087: Added contact: 82 Andrew, Phone: Waters, Email: nhall@example.net, Address: 
INFO:root:2024-09-18 09:40:47.977087: Added contact: 83 Reginald, Phone: Stephenson, Email: erikaball@example.net, Address: 
INFO:root:2024-09-18 09:40:47.977087: Added contact: 84 Douglas, Phone: Reese, Email: nixonvanessa@example.net, Address: 
INFO:root:2024-09-18 09:40:47.977087: Added contact: 85 Helen, Phone: Williamson, Email: melvin08@example.net, Address: 
INFO:root:2024-09-18 09:40:47.977087: Added contact: 86 Mario, Phone: Vaughn, Email: oblake@example.com, Address: 
INFO:root:2024-09-18 09:40:47.977087: Added contact: 87 Chelsea, Phone: Dickson, Email: johnnyhendricks@example.net, Address: 
INFO:root:2024-09-18 09:40:47.977087: Added contact: 88 Dustin, Phone: Bailey, Email: pbarron@example.net, Address: 
INFO:root:2024-09-18 09:40:47.977087: Added contact: 89 Harry, Phone: Medina, Email: olsenmalik@example.net, Address: 
INFO:root:2024-09-18 09:40:47.977087: Added contact: 90 Kathy, Phone: Haney, Email: teresa37@example.com, Address: 
INFO:root:2024-09-18 09:40:47.977087: Added contact: 91 Alison, Phone: Nixon, Email: zmiles@example.net, Address: 
INFO:root:2024-09-18 09:40:47.977087: Added contact: 92 Jamie, Phone: Hardy, Email: sheenadouglas@example.com, Address: 
INFO:root:2024-09-18 09:40:47.977087: Added contact: 93 Melody, Phone: Cox, Email: evan90@example.org, Address: 
INFO:root:2024-09-18 09:40:47.977087: Added contact: 94 Xavier, Phone: Cole, Email: nicolas90@example.org, Address: 
INFO:root:2024-09-18 09:40:47.977087: Added contact: 95 Dillon, Phone: Guzman, Email: angelanavarro@example.net, Address: 
INFO:root:2024-09-18 09:40:47.977087: Added contact: 96 Dennis, Phone: Barnes, Email: bmartin@example.org, Address: 
INFO:root:2024-09-18 09:40:47.977087: Added contact: 97 Steve, Phone: Patterson, Email: latasha46@example.net, Address: 
INFO:root:2024-09-18 09:40:47.977087: Added contact: 98 Wesley, Phone: Bray, Email: regina11@example.org, Address: 
INFO:root:2024-09-18 09:40:47.977087: Added contact: 99 Summer, Phone: Oconnell, Email: alexiscantrell@example.org, Address: 
INFO:root:2024-09-18 09:40:47.977087: Added contact: 100 Mariah, Phone: Bernard, Email: pcopeland@example.org, Address: 
INFO:root:2024-09-18 09:41:41.956442: Added contact: First Name Last Name, Phone: Email, Email: , Address: 
INFO:root:2024-09-18 09:41:41.956442: Added contact: Shelby Terrell, Phone: elijah57@example.net, Email: , Address: 
INFO:root:2024-09-18 09:41:41.956442: Added contact: Phillip Summers, Phone: bethany14@example.com, Email: , Address: 
INFO:root:2024-09-18 09:41:41.956442: Added contact: Kristine Travis, Phone: bthompson@example.com, Email: , Address: 
INFO:root:2024-09-18 09:41:41.956442: Added contact: Yesenia Martinez, Phone: kaitlinkaiser@example.com, Email: , Address: 
INFO:root:2024-09-18 09:41:41.956442: Added contact: Lori Todd, Phone: buchananmanuel@example.net, Email: , Address: 
INFO:root:2024-09-18 09:41:41.956442: Added contact: Erin Day, Phone: tconner@example.org, Email: , Address: 
INFO:root:2024-09-18 09:41:41.956442: Added contact: Katherine Buck, Phone: conniecowan@example.com, Email: , Address: 
INFO:root:2024-09-18 09:41:41.956442: Added contact: Ricardo Hinton, Phone: wyattbishop@example.com, Email: , Address: 
INFO:root:2024-09-18 09:41:41.956442: Added contact: Dave Farrell, Phone: nmccann@example.net, Email: , Address: 
INFO:root:2024-09-18 09:41:41.956442: Added contact: Isaiah Downs, Phone: virginiaterrell@example.org, Email: , Address: 
INFO:root:2024-09-18 09:41:41.956442: Added contact: Sheila Ross, Phone: huangcathy@example.com, Email: , Address: 
INFO:root:2024-09-18 09:41:41.956442: Added contact: Stacy Newton, Phone: rayleroy@example.org, Email: , Address: 
INFO:root:2024-09-18 09:41:41.956442: Added contact: Mandy Blake, Phone: jefferynoble@example.org, Email: , Address: 
INFO:root:2024-09-18 09:41:41.956442: Added contact: Bridget Nash, Phone: mercedes44@example.com, Email: , Address: 
INFO:root:2024-09-18 09:41:41.956442: Added contact: Crystal Farmer, Phone: pmiranda@example.org, Email: , Address: 
INFO:root:2024-09-18 09:41:41.956442: Added contact: Thomas Knight, Phone: braunpriscilla@example.net, Email: , Address: 
INFO:root:2024-09-18 09:41:41.956442: Added contact: Maurice Rangel, Phone: sheenabanks@example.com, Email: , Address: 
INFO:root:2024-09-18 09:41:41.956442: Added contact: Frank Meadows, Phone: gbrewer@example.org, Email: , Address: 
INFO:root:2024-09-18 09:41:41.956442: Added contact: Alvin Paul, Phone: gilbertdonaldson@example.com, Email: , Address: 
INFO:root:2024-09-18 09:41:41.956442: Added contact: Jared Mitchell, Phone: jcortez@example.com, Email: , Address: 
INFO:root:2024-09-18 09:41:41.956442: Added contact: Jacqueline Norton, Phone: carias@example.net, Email: , Address: 
INFO:root:2024-09-18 09:41:41.956442: Added contact: Colleen Hatfield, Phone: fknox@example.org, Email: , Address: 
INFO:root:2024-09-18 09:41:41.956442: Added contact: Randy Barnes, Phone: huangbill@example.org, Email: , Address: 
INFO:root:2024-09-18 09:41:41.956442: Added contact: Janice Rhodes, Phone: juarezdominique@example.net, Email: , Address: 
INFO:root:2024-09-18 09:41:41.956442: Added contact: Alfred Mcneil, Phone: cassandramorris@example.com, Email: , Address: 
INFO:root:2024-09-18 09:41:41.956442: Added contact: Sean Levine, Phone: sallymiller@example.net, Email: , Address: 
INFO:root:2024-09-18 09:41:41.956442: Added contact: Louis Payne, Phone: bsullivan@example.net, Email: , Address: 
INFO:root:2024-09-18 09:41:41.956442: Added contact: Brittney Vega, Phone: ayalajose@example.net, Email: , Address: 
INFO:root:2024-09-18 09:41:41.956442: Added contact: Judy Buckley, Phone: irosales@example.net, Email: , Address: 
INFO:root:2024-09-18 09:41:41.956442: Added contact: Norman Weber, Phone: mconrad@example.com, Email: , Address: 
INFO:root:2024-09-18 09:41:41.956442: Added contact: Isaiah Camacho, Phone: jimblake@example.org, Email: , Address: 
INFO:root:2024-09-18 09:41:41.956442: Added contact: Jacqueline Gallagher, Phone: nsampson@example.net, Email: , Address: 
INFO:root:2024-09-18 09:41:41.956442: Added contact: Bonnie Andrews, Phone: caitlin24@example.net, Email: , Address: 
INFO:root:2024-09-18 09:41:41.956442: Added contact: Brandon Schmidt, Phone: mconley@example.net, Email: , Address: 
INFO:root:2024-09-18 09:41:41.956442: Added contact: Jackson Sparks, Phone: reynoldsdarryl@example.net, Email: , Address: 
INFO:root:2024-09-18 09:41:41.956442: Added contact: Melody Cook, Phone: jeannovak@example.org, Email: , Address: 
INFO:root:2024-09-18 09:41:41.956442: Added contact: Leonard Hurst, Phone: clinton78@example.org, Email: , Address: 
INFO:root:2024-09-18 09:41:41.956442: Added contact: Gene Rich, Phone: luisdeleon@example.org, Email: , Address: 
INFO:root:2024-09-18 09:41:41.956442: Added contact: Cynthia Wiggins, Phone: rosariodave@example.org, Email: , Address: 
INFO:root:2024-09-18 09:41:41.956442: Added contact: Tanya Mckinney, Phone: vickihouston@example.com, Email: , Address: 
INFO:root:2024-09-18 09:41:41.956442: Added contact: Matthew Stone, Phone: evelyn31@example.org, Email: , Address: 
INFO:root:2024-09-18 09:41:41.956442: Added contact: Kirk Walsh, Phone: stephenfuller@example.org, Email: , Address: 
INFO:root:2024-09-18 09:41:41.956442: Added contact: Willie Vang, Phone: haleymathews@example.net, Email: , Address: 
INFO:root:2024-09-18 09:41:41.956442: Added contact: Miguel Hill, Phone: tyrone56@example.org, Email: , Address: 
INFO:root:2024-09-18 09:41:41.956442: Added contact: Darren Andrews, Phone: lhernandez@example.com, Email: , Address: 
INFO:root:2024-09-18 09:41:41.956442: Added contact: Haley Pugh, Phone: molly03@example.org, Email: , Address: 
INFO:root:2024-09-18 09:41:41.956442: Added contact: Danielle Estrada, Phone: jvang@example.org, Email: , Address: 
INFO:root:2024-09-18 09:41:41.956442: Added contact: Becky Brady, Phone: erikmueller@example.org, Email: , Address: 
INFO:root:2024-09-18 09:41:41.956442: Added contact: Caitlyn Frey, Phone: rivasdominique@example.org, Email: , Address: 
INFO:root:2024-09-18 09:41:41.956442: Added contact: Joshua Sweeney, Phone: daisymcgee@example.net, Email: , Address: 
INFO:root:2024-09-18 09:41:41.956442: Added contact: Heidi Escobar, Phone: staffordtravis@example.net, Email: , Address: 
INFO:root:2024-09-18 09:41:41.956442: Added contact: Brian Oconnell, Phone: saralong@example.net, Email: , Address: 
INFO:root:2024-09-18 09:41:41.956442: Added contact: Beverly Esparza, Phone: iphelps@example.net, Email: , Address: 
INFO:root:2024-09-18 09:41:41.956442: Added contact: Nathaniel Rivas, Phone: roberto29@example.com, Email: , Address: 
INFO:root:2024-09-18 09:41:41.956442: Added contact: Debra Payne, Phone: yolanda07@example.org, Email: , Address: 
INFO:root:2024-09-18 09:41:41.956442: Added contact: Mackenzie Rocha, Phone: abbottyvette@example.net, Email: , Address: 
INFO:root:2024-09-18 09:41:41.956442: Added contact: Courtney Watkins, Phone: ochang@example.org, Email: , Address: 
INFO:root:2024-09-18 09:41:41.956442: Added contact: Fred Olsen, Phone: amyanderson@example.com, Email: , Address: 
INFO:root:2024-09-18 09:41:41.956442: Added contact: Ryan Nelson, Phone: qnorman@example.org, Email: , Address: 
INFO:root:2024-09-18 09:41:41.956442: Added contact: Grace Phelps, Phone: clarkeangela@example.net, Email: , Address: 
INFO:root:2024-09-18 09:41:41.956442: Added contact: Shari Daugherty, Phone: kalvarado@example.org, Email: , Address: 
INFO:root:2024-09-18 09:41:41.956442: Added contact: Kelli Garner, Phone: jodyvincent@example.org, Email: , Address: 
INFO:root:2024-09-18 09:41:41.956442: Added contact: Jackie Bennett, Phone: hutchinsonkirk@example.com, Email: , Address: 
INFO:root:2024-09-18 09:41:41.956442: Added contact: Leslie Conway, Phone: floreschristina@example.org, Email: , Address: 
INFO:root:2024-09-18 09:41:41.956442: Added contact: Harold Barnett, Phone: nathan65@example.org, Email: , Address: 
INFO:root:2024-09-18 09:41:41.956442: Added contact: Larry Harper, Phone: maria32@example.org, Email: , Address: 
INFO:root:2024-09-18 09:41:41.956442: Added contact: Mike Ward, Phone: imccullough@example.com, Email: , Address: 
INFO:root:2024-09-18 09:41:41.956442: Added contact: Brittney Rubio, Phone: corey92@example.com, Email: , Address: 
INFO:root:2024-09-18 09:41:41.956442: Added contact: Frank Pineda, Phone: daltoncalvin@example.net, Email: , Address: 
INFO:root:2024-09-18 09:41:41.956442: Added contact: Sandra Wu, Phone: ubanks@example.com, Email: , Address: 
INFO:root:2024-09-18 09:41:41.956442: Added contact: Ryan Benton, Phone: lopezdebbie@example.org, Email: , Address: 
INFO:root:2024-09-18 09:41:41.956442: Added contact: Tamara Hull, Phone: meagan39@example.net, Email: , Address: 
INFO:root:2024-09-18 09:41:41.956442: Added contact: Jean Ritter, Phone: kristina76@example.com, Email: , Address: 
INFO:root:2024-09-18 09:41:41.956442: Added contact: Veronica Briggs, Phone: weissbridget@example.com, Email: , Address: 
INFO:root:2024-09-18 09:41:41.956442: Added contact: Kim Andrews, Phone: wpetersen@example.org, Email: , Address: 
INFO:root:2024-09-18 09:41:41.956442: Added contact: Tina Cunningham, Phone: wongmary@example.org, Email: , Address: 
INFO:root:2024-09-18 09:41:41.956442: Added contact: Jonathon Atkinson, Phone: gailfrench@example.net, Email: , Address: 
INFO:root:2024-09-18 09:41:41.956442: Added contact: Jermaine Reid, Phone: vpaul@example.com, Email: , Address: 
INFO:root:2024-09-18 09:41:41.956442: Added contact: Regina Stevens, Phone: xpoole@example.net, Email: , Address: 
INFO:root:2024-09-18 09:41:41.956442: Added contact: Terrence Huff, Phone: cassandra80@example.org, Email: , Address: 
INFO:root:2024-09-18 09:41:41.956442: Added contact: Tyler Foley, Phone: johnathan72@example.org, Email: , Address: 
INFO:root:2024-09-18 09:41:41.956442: Added contact: Andrew Waters, Phone: nhall@example.net, Email: , Address: 
INFO:root:2024-09-18 09:41:41.956442: Added contact: Reginald Stephenson, Phone: erikaball@example.net, Email: , Address: 
INFO:root:2024-09-18 09:41:41.956442: Added contact: Douglas Reese, Phone: nixonvanessa@example.net, Email: , Address: 
INFO:root:2024-09-18 09:41:41.956442: Added contact: Helen Williamson, Phone: melvin08@example.net, Email: , Address: 
INFO:root:2024-09-18 09:41:41.956442: Added contact: Mario Vaughn, Phone: oblake@example.com, Email: , Address: 
INFO:root:2024-09-18 09:41:41.956442: Added contact: Chelsea Dickson, Phone: johnnyhendricks@example.net, Email: , Address: 
INFO:root:2024-09-18 09:41:41.956442: Added contact: Dustin Bailey, Phone: pbarron@example.net, Email: , Address: 
INFO:root:2024-09-18 09:41:41.956442: Added contact: Harry Medina, Phone: olsenmalik@example.net, Email: , Address: 
INFO:root:2024-09-18 09:41:41.956442: Added contact: Kathy Haney, Phone: teresa37@example.com, Email: , Address: 
INFO:root:2024-09-18 09:41:41.956442: Added contact: Alison Nixon, Phone: zmiles@example.net, Email: , Address: 
INFO:root:2024-09-18 09:41:41.956442: Added contact: Jamie Hardy, Phone: sheenadouglas@example.com, Email: , Address: 
INFO:root:2024-09-18 09:41:41.956442: Added contact: Melody Cox, Phone: evan90@example.org, Email: , Address: 
INFO:root:2024-09-18 09:41:41.956442: Added contact: Xavier Cole, Phone: nicolas90@example.org, Email: , Address: 
INFO:root:2024-09-18 09:41:41.956442: Added contact: Dillon Guzman, Phone: angelanavarro@example.net, Email: , Address: 
INFO:root:2024-09-18 09:41:41.956442: Added contact: Dennis Barnes, Phone: bmartin@example.org, Email: , Address: 
INFO:root:2024-09-18 09:41:41.956442: Added contact: Steve Patterson, Phone: latasha46@example.net, Email: , Address: 
INFO:root:2024-09-18 09:41:41.956442: Added contact: Wesley Bray, Phone: regina11@example.org, Email: , Address: 
INFO:root:2024-09-18 09:41:41.956442: Added contact: Summer Oconnell, Phone: alexiscantrell@example.org, Email: , Address: 
INFO:root:2024-09-18 09:41:41.956442: Added contact: Mariah Bernard, Phone: pcopeland@example.org, Email: , Address: 
INFO:root:2024-09-18 09:43:11.024701: Added contact: First Name Last Name, Phone: Phone, Email: Email, Address: None
INFO:root:2024-09-18 09:43:11.024701: Added contact: Shelby Terrell, Phone: 3162887989, Email: elijah57@example.net, Address: None
INFO:root:2024-09-18 09:43:11.024701: Added contact: Phillip Summers, Phone: 4567895632, Email: bethany14@example.com, Address: None
INFO:root:2024-09-18 09:43:11.024701: Added contact: Kristine Travis, Phone: 4532456897, Email: bthompson@example.com, Address: None
INFO:root:2024-09-18 09:43:11.024701: Added contact: Yesenia Martinez, Phone: 1234568778, Email: kaitlinkaiser@example.com, Address: None
INFO:root:2024-09-18 09:43:11.024701: Added contact: Lori Todd, Phone: , Email: buchananmanuel@example.net, Address: None
INFO:root:2024-09-18 09:43:11.024701: Added contact: Erin Day, Phone: , Email: tconner@example.org, Address: None
INFO:root:2024-09-18 09:43:11.024701: Added contact: Katherine Buck, Phone: , Email: conniecowan@example.com, Address: None
INFO:root:2024-09-18 09:43:11.024701: Added contact: Ricardo Hinton, Phone: , Email: wyattbishop@example.com, Address: None
INFO:root:2024-09-18 09:43:11.024701: Added contact: Dave Farrell, Phone: , Email: nmccann@example.net, Address: None
INFO:root:2024-09-18 09:43:11.024701: Added contact: Isaiah Downs, Phone: , Email: virginiaterrell@example.org, Address: None
INFO:root:2024-09-18 09:43:11.024701: Added contact: Sheila Ross, Phone: , Email: huangcathy@example.com, Address: None
INFO:root:2024-09-18 09:43:11.024701: Added contact: Stacy Newton, Phone: , Email: rayleroy@example.org, Address: None
INFO:root:2024-09-18 09:43:11.024701: Added contact: Mandy Blake, Phone: , Email: jefferynoble@example.org, Address: None
INFO:root:2024-09-18 09:43:11.024701: Added contact: Bridget Nash, Phone: , Email: mercedes44@example.com, Address: None
INFO:root:2024-09-18 09:43:11.024701: Added contact: Crystal Farmer, Phone: , Email: pmiranda@example.org, Address: None
INFO:root:2024-09-18 09:43:11.024701: Added contact: Thomas Knight, Phone: , Email: braunpriscilla@example.net, Address: None
INFO:root:2024-09-18 09:43:11.024701: Added contact: Maurice Rangel, Phone: , Email: sheenabanks@example.com, Address: None
INFO:root:2024-09-18 09:43:11.024701: Added contact: Frank Meadows, Phone: , Email: gbrewer@example.org, Address: None
INFO:root:2024-09-18 09:43:11.024701: Added contact: Alvin Paul, Phone: , Email: gilbertdonaldson@example.com, Address: None
INFO:root:2024-09-18 09:43:11.024701: Added contact: Jared Mitchell, Phone: , Email: jcortez@example.com, Address: None
INFO:root:2024-09-18 09:43:11.024701: Added contact: Jacqueline Norton, Phone: , Email: carias@example.net, Address: None
INFO:root:2024-09-18 09:43:11.024701: Added contact: Colleen Hatfield, Phone: , Email: fknox@example.org, Address: None
INFO:root:2024-09-18 09:43:11.024701: Added contact: Randy Barnes, Phone: , Email: huangbill@example.org, Address: None
INFO:root:2024-09-18 09:43:11.024701: Added contact: Janice Rhodes, Phone: , Email: juarezdominique@example.net, Address: None
INFO:root:2024-09-18 09:43:11.024701: Added contact: Alfred Mcneil, Phone: , Email: cassandramorris@example.com, Address: None
INFO:root:2024-09-18 09:43:11.024701: Added contact: Sean Levine, Phone: , Email: sallymiller@example.net, Address: None
INFO:root:2024-09-18 09:43:11.024701: Added contact: Louis Payne, Phone: , Email: bsullivan@example.net, Address: None
INFO:root:2024-09-18 09:43:11.024701: Added contact: Brittney Vega, Phone: , Email: ayalajose@example.net, Address: None
INFO:root:2024-09-18 09:43:11.024701: Added contact: Judy Buckley, Phone: , Email: irosales@example.net, Address: None
INFO:root:2024-09-18 09:43:11.024701: Added contact: Norman Weber, Phone: , Email: mconrad@example.com, Address: None
INFO:root:2024-09-18 09:43:11.024701: Added contact: Isaiah Camacho, Phone: , Email: jimblake@example.org, Address: None
INFO:root:2024-09-18 09:43:11.024701: Added contact: Jacqueline Gallagher, Phone: , Email: nsampson@example.net, Address: None
INFO:root:2024-09-18 09:43:11.024701: Added contact: Bonnie Andrews, Phone: , Email: caitlin24@example.net, Address: None
INFO:root:2024-09-18 09:43:11.024701: Added contact: Brandon Schmidt, Phone: , Email: mconley@example.net, Address: None
INFO:root:2024-09-18 09:43:11.024701: Added contact: Jackson Sparks, Phone: , Email: reynoldsdarryl@example.net, Address: None
INFO:root:2024-09-18 09:43:11.024701: Added contact: Melody Cook, Phone: , Email: jeannovak@example.org, Address: None
INFO:root:2024-09-18 09:43:11.024701: Added contact: Leonard Hurst, Phone: , Email: clinton78@example.org, Address: None
INFO:root:2024-09-18 09:43:11.024701: Added contact: Gene Rich, Phone: , Email: luisdeleon@example.org, Address: None
INFO:root:2024-09-18 09:43:11.024701: Added contact: Cynthia Wiggins, Phone: , Email: rosariodave@example.org, Address: None
INFO:root:2024-09-18 09:43:11.024701: Added contact: Tanya Mckinney, Phone: , Email: vickihouston@example.com, Address: None
INFO:root:2024-09-18 09:43:11.024701: Added contact: Matthew Stone, Phone: , Email: evelyn31@example.org, Address: None
INFO:root:2024-09-18 09:43:11.024701: Added contact: Kirk Walsh, Phone: , Email: stephenfuller@example.org, Address: None
INFO:root:2024-09-18 09:43:11.024701: Added contact: Willie Vang, Phone: , Email: haleymathews@example.net, Address: None
INFO:root:2024-09-18 09:43:11.024701: Added contact: Miguel Hill, Phone: , Email: tyrone56@example.org, Address: None
INFO:root:2024-09-18 09:43:11.024701: Added contact: Darren Andrews, Phone: , Email: lhernandez@example.com, Address: None
INFO:root:2024-09-18 09:43:11.024701: Added contact: Haley Pugh, Phone: , Email: molly03@example.org, Address: None
INFO:root:2024-09-18 09:43:11.024701: Added contact: Danielle Estrada, Phone: , Email: jvang@example.org, Address: None
INFO:root:2024-09-18 09:43:11.024701: Added contact: Becky Brady, Phone: , Email: erikmueller@example.org, Address: None
INFO:root:2024-09-18 09:43:11.024701: Added contact: Caitlyn Frey, Phone: , Email: rivasdominique@example.org, Address: None
INFO:root:2024-09-18 09:43:11.024701: Added contact: Joshua Sweeney, Phone: , Email: daisymcgee@example.net, Address: None
INFO:root:2024-09-18 09:43:11.024701: Added contact: Heidi Escobar, Phone: , Email: staffordtravis@example.net, Address: None
INFO:root:2024-09-18 09:43:11.024701: Added contact: Brian Oconnell, Phone: , Email: saralong@example.net, Address: None
INFO:root:2024-09-18 09:43:11.024701: Added contact: Beverly Esparza, Phone: , Email: iphelps@example.net, Address: None
INFO:root:2024-09-18 09:43:11.024701: Added contact: Nathaniel Rivas, Phone: , Email: roberto29@example.com, Address: None
INFO:root:2024-09-18 09:43:11.024701: Added contact: Debra Payne, Phone: , Email: yolanda07@example.org, Address: None
INFO:root:2024-09-18 09:43:11.024701: Added contact: Mackenzie Rocha, Phone: , Email: abbottyvette@example.net, Address: None
INFO:root:2024-09-18 09:43:11.024701: Added contact: Courtney Watkins, Phone: , Email: ochang@example.org, Address: None
INFO:root:2024-09-18 09:43:11.024701: Added contact: Fred Olsen, Phone: , Email: amyanderson@example.com, Address: None
INFO:root:2024-09-18 09:43:11.024701: Added contact: Ryan Nelson, Phone: , Email: qnorman@example.org, Address: None
INFO:root:2024-09-18 09:43:11.024701: Added contact: Grace Phelps, Phone: , Email: clarkeangela@example.net, Address: None
INFO:root:2024-09-18 09:43:11.024701: Added contact: Shari Daugherty, Phone: , Email: kalvarado@example.org, Address: None
INFO:root:2024-09-18 09:43:11.024701: Added contact: Kelli Garner, Phone: , Email: jodyvincent@example.org, Address: None
INFO:root:2024-09-18 09:43:11.024701: Added contact: Jackie Bennett, Phone: , Email: hutchinsonkirk@example.com, Address: None
INFO:root:2024-09-18 09:43:11.024701: Added contact: Leslie Conway, Phone: , Email: floreschristina@example.org, Address: None
INFO:root:2024-09-18 09:43:11.024701: Added contact: Harold Barnett, Phone: , Email: nathan65@example.org, Address: None
INFO:root:2024-09-18 09:43:11.024701: Added contact: Larry Harper, Phone: , Email: maria32@example.org, Address: None
INFO:root:2024-09-18 09:43:11.024701: Added contact: Mike Ward, Phone: , Email: imccullough@example.com, Address: None
INFO:root:2024-09-18 09:43:11.024701: Added contact: Brittney Rubio, Phone: , Email: corey92@example.com, Address: None
INFO:root:2024-09-18 09:43:11.024701: Added contact: Frank Pineda, Phone: , Email: daltoncalvin@example.net, Address: None
INFO:root:2024-09-18 09:43:11.024701: Added contact: Sandra Wu, Phone: , Email: ubanks@example.com, Address: None
INFO:root:2024-09-18 09:43:11.024701: Added contact: Ryan Benton, Phone: , Email: lopezdebbie@example.org, Address: None
INFO:root:2024-09-18 09:43:11.024701: Added contact: Tamara Hull, Phone: , Email: meagan39@example.net, Address: None
INFO:root:2024-09-18 09:43:11.024701: Added contact: Jean Ritter, Phone: , Email: kristina76@example.com, Address: None
INFO:root:2024-09-18 09:43:11.024701: Added contact: Veronica Briggs, Phone: , Email: weissbridget@example.com, Address: None
INFO:root:2024-09-18 09:43:11.024701: Added contact: Kim Andrews, Phone: , Email: wpetersen@example.org, Address: None
INFO:root:2024-09-18 09:43:11.024701: Added contact: Tina Cunningham, Phone: , Email: wongmary@example.org, Address: None
INFO:root:2024-09-18 09:43:11.024701: Added contact: Jonathon Atkinson, Phone: , Email: gailfrench@example.net, Address: None
INFO:root:2024-09-18 09:43:11.024701: Added contact: Jermaine Reid, Phone: , Email: vpaul@example.com, Address: None
INFO:root:2024-09-18 09:43:11.024701: Added contact: Regina Stevens, Phone: , Email: xpoole@example.net, Address: None
INFO:root:2024-09-18 09:43:11.024701: Added contact: Terrence Huff, Phone: , Email: cassandra80@example.org, Address: None
INFO:root:2024-09-18 09:43:11.024701: Added contact: Tyler Foley, Phone: , Email: johnathan72@example.org, Address: None
INFO:root:2024-09-18 09:43:11.024701: Added contact: Andrew Waters, Phone: , Email: nhall@example.net, Address: None
INFO:root:2024-09-18 09:43:11.024701: Added contact: Reginald Stephenson, Phone: , Email: erikaball@example.net, Address: None
INFO:root:2024-09-18 09:43:11.024701: Added contact: Douglas Reese, Phone: , Email: nixonvanessa@example.net, Address: None
INFO:root:2024-09-18 09:43:11.024701: Added contact: Helen Williamson, Phone: , Email: melvin08@example.net, Address: None
INFO:root:2024-09-18 09:43:11.024701: Added contact: Mario Vaughn, Phone: , Email: oblake@example.com, Address: None
INFO:root:2024-09-18 09:43:11.024701: Added contact: Chelsea Dickson, Phone: , Email: johnnyhendricks@example.net, Address: None
INFO:root:2024-09-18 09:43:11.024701: Added contact: Dustin Bailey, Phone: , Email: pbarron@example.net, Address: None
INFO:root:2024-09-18 09:43:11.024701: Added contact: Harry Medina, Phone: , Email: olsenmalik@example.net, Address: None
INFO:root:2024-09-18 09:43:11.024701: Added contact: Kathy Haney, Phone: , Email: teresa37@example.com, Address: None
INFO:root:2024-09-18 09:43:11.024701: Added contact: Alison Nixon, Phone: , Email: zmiles@example.net, Address: None
INFO:root:2024-09-18 09:43:11.024701: Added contact: Jamie Hardy, Phone: , Email: sheenadouglas@example.com, Address: None
INFO:root:2024-09-18 09:43:11.024701: Added contact: Melody Cox, Phone: , Email: evan90@example.org, Address: None
INFO:root:2024-09-18 09:43:11.024701: Added contact: Xavier Cole, Phone: , Email: nicolas90@example.org, Address: None
INFO:root:2024-09-18 09:43:11.024701: Added contact: Dillon Guzman, Phone: , Email: angelanavarro@example.net, Address: None
INFO:root:2024-09-18 09:43:11.024701: Added contact: Dennis Barnes, Phone: , Email: bmartin@example.org, Address: None
INFO:root:2024-09-18 09:43:11.024701: Added contact: Steve Patterson, Phone: , Email: latasha46@example.net, Address: None
INFO:root:2024-09-18 09:43:11.024701: Added contact: Wesley Bray, Phone: , Email: regina11@example.org, Address: None
INFO:root:2024-09-18 09:43:11.024701: Added contact: Summer Oconnell, Phone: , Email: alexiscantrell@example.org, Address: None
INFO:root:2024-09-18 09:43:11.024701: Added contact: Mariah Bernard, Phone: , Email: pcopeland@example.org, Address: None
